<<<<<<< HEAD
2025-11-23 09:19:51,145:WARNING:
'cuml' is a soft dependency and not included in the pycaret installation. Please run: `pip install cuml` to install.
2025-11-23 09:19:51,145:WARNING:
'cuml' is a soft dependency and not included in the pycaret installation. Please run: `pip install cuml` to install.
2025-11-23 09:19:51,146:WARNING:
'cuml' is a soft dependency and not included in the pycaret installation. Please run: `pip install cuml` to install.
2025-11-23 09:19:51,146:WARNING:
'cuml' is a soft dependency and not included in the pycaret installation. Please run: `pip install cuml` to install.
2025-11-23 09:22:06,504:WARNING:
'cuml' is a soft dependency and not included in the pycaret installation. Please run: `pip install cuml` to install.
2025-11-23 09:22:06,505:WARNING:
'cuml' is a soft dependency and not included in the pycaret installation. Please run: `pip install cuml` to install.
2025-11-23 09:22:06,506:WARNING:
'cuml' is a soft dependency and not included in the pycaret installation. Please run: `pip install cuml` to install.
2025-11-23 09:22:06,506:WARNING:
'cuml' is a soft dependency and not included in the pycaret installation. Please run: `pip install cuml` to install.
2025-11-23 09:23:05,525:WARNING:
'cuml' is a soft dependency and not included in the pycaret installation. Please run: `pip install cuml` to install.
2025-11-23 09:23:05,525:WARNING:
'cuml' is a soft dependency and not included in the pycaret installation. Please run: `pip install cuml` to install.
2025-11-23 09:23:05,525:WARNING:
'cuml' is a soft dependency and not included in the pycaret installation. Please run: `pip install cuml` to install.
2025-11-23 09:23:05,525:WARNING:
'cuml' is a soft dependency and not included in the pycaret installation. Please run: `pip install cuml` to install.
2025-11-23 09:24:42,183:WARNING:
'cuml' is a soft dependency and not included in the pycaret installation. Please run: `pip install cuml` to install.
2025-11-23 09:24:42,183:WARNING:
'cuml' is a soft dependency and not included in the pycaret installation. Please run: `pip install cuml` to install.
2025-11-23 09:24:42,183:WARNING:
'cuml' is a soft dependency and not included in the pycaret installation. Please run: `pip install cuml` to install.
2025-11-23 09:24:42,183:WARNING:
'cuml' is a soft dependency and not included in the pycaret installation. Please run: `pip install cuml` to install.
2025-11-23 09:33:52,225:WARNING:
'cuml' is a soft dependency and not included in the pycaret installation. Please run: `pip install cuml` to install.
2025-11-23 09:33:52,226:WARNING:
'cuml' is a soft dependency and not included in the pycaret installation. Please run: `pip install cuml` to install.
2025-11-23 09:33:52,226:WARNING:
'cuml' is a soft dependency and not included in the pycaret installation. Please run: `pip install cuml` to install.
2025-11-23 09:33:52,226:WARNING:
'cuml' is a soft dependency and not included in the pycaret installation. Please run: `pip install cuml` to install.
2025-11-23 09:33:55,826:INFO:PyCaret ClassificationExperiment
2025-11-23 09:33:55,826:INFO:Logging name: clf-default-name
2025-11-23 09:33:55,826:INFO:ML Usecase: MLUsecase.CLASSIFICATION
2025-11-23 09:33:55,826:INFO:version 3.0.4
2025-11-23 09:33:55,826:INFO:Initializing setup()
2025-11-23 09:33:55,827:INFO:self.USI: 42e9
2025-11-23 09:33:55,827:INFO:self._variable_keys: {'pipeline', 'n_jobs_param', 'X', 'exp_name_log', 'data', 'X_train', 'fold_generator', 'fix_imbalance', 'logging_param', 'log_plots_param', 'is_multiclass', 'html_param', '_ml_usecase', 'USI', 'gpu_param', 'X_test', 'fold_groups_param', 'idx', 'exp_id', 'gpu_n_jobs_param', 'y_test', 'y', 'target_param', '_available_plots', 'seed', 'memory', 'y_train', 'fold_shuffle_param'}
2025-11-23 09:33:55,827:INFO:Checking environment
2025-11-23 09:33:55,827:INFO:python_version: 3.10.11
2025-11-23 09:33:55,827:INFO:python_build: ('tags/v3.10.11:7d4cc5a', 'Apr  5 2023 00:38:17')
2025-11-23 09:33:55,827:INFO:machine: AMD64
2025-11-23 09:33:55,827:INFO:platform: Windows-10-10.0.26200-SP0
2025-11-23 09:33:55,828:INFO:Memory: svmem(total=16572002304, available=2581233664, percent=84.4, used=13990768640, free=2581233664)
2025-11-23 09:33:55,828:INFO:Physical Core: 12
2025-11-23 09:33:55,828:INFO:Logical Core: 14
2025-11-23 09:33:55,828:INFO:Checking libraries
2025-11-23 09:33:55,828:INFO:System:
2025-11-23 09:33:55,828:INFO:    python: 3.10.11 (tags/v3.10.11:7d4cc5a, Apr  5 2023, 00:38:17) [MSC v.1929 64 bit (AMD64)]
2025-11-23 09:33:55,828:INFO:executable: C:\Users\vbravo\Downloads\EFinal_Taller4_ValeriaBravo\venv\Scripts\python.exe
2025-11-23 09:33:55,828:INFO:   machine: Windows-10-10.0.26200-SP0
2025-11-23 09:33:55,828:INFO:PyCaret required dependencies:
2025-11-23 09:33:55,831:WARNING:C:\Users\vbravo\Downloads\EFinal_Taller4_ValeriaBravo\venv\lib\site-packages\_distutils_hack\__init__.py:33: UserWarning: Setuptools is replacing distutils.
  warnings.warn("Setuptools is replacing distutils.")

2025-11-23 09:33:57,271:INFO:                 pip: 25.3
2025-11-23 09:33:57,271:INFO:          setuptools: 65.5.0
2025-11-23 09:33:57,272:INFO:             pycaret: 3.0.4
2025-11-23 09:33:57,272:INFO:             IPython: 8.37.0
2025-11-23 09:33:57,272:INFO:          ipywidgets: 8.1.8
2025-11-23 09:33:57,272:INFO:                tqdm: 4.67.1
2025-11-23 09:33:57,272:INFO:               numpy: 1.23.5
2025-11-23 09:33:57,272:INFO:              pandas: 1.5.3
2025-11-23 09:33:57,272:INFO:              jinja2: 3.1.6
2025-11-23 09:33:57,273:INFO:               scipy: 1.10.1
2025-11-23 09:33:57,273:INFO:              joblib: 1.2.0
2025-11-23 09:33:57,273:INFO:             sklearn: 1.2.2
2025-11-23 09:33:57,273:INFO:                pyod: 2.0.5
2025-11-23 09:33:57,273:INFO:            imblearn: 0.12.4
2025-11-23 09:33:57,273:INFO:   category_encoders: 2.7.0
2025-11-23 09:33:57,273:INFO:            lightgbm: 4.6.0
2025-11-23 09:33:57,273:INFO:               numba: 0.62.1
2025-11-23 09:33:57,274:INFO:            requests: 2.32.5
2025-11-23 09:33:57,274:INFO:          matplotlib: 3.10.7
2025-11-23 09:33:57,274:INFO:          scikitplot: 0.3.7
2025-11-23 09:33:57,274:INFO:         yellowbrick: 1.5
2025-11-23 09:33:57,274:INFO:              plotly: 6.5.0
2025-11-23 09:33:57,274:INFO:    plotly-resampler: Not installed
2025-11-23 09:33:57,274:INFO:             kaleido: 1.2.0
2025-11-23 09:33:57,274:INFO:           schemdraw: 0.15
2025-11-23 09:33:57,274:INFO:         statsmodels: 0.14.5
2025-11-23 09:33:57,274:INFO:              sktime: 0.39.0
2025-11-23 09:33:57,275:INFO:               tbats: 1.1.3
2025-11-23 09:33:57,275:INFO:            pmdarima: 2.1.1
2025-11-23 09:33:57,275:INFO:              psutil: 7.1.3
2025-11-23 09:33:57,275:INFO:          markupsafe: 3.0.3
2025-11-23 09:33:57,275:INFO:             pickle5: Not installed
2025-11-23 09:33:57,275:INFO:         cloudpickle: 3.1.2
2025-11-23 09:33:57,275:INFO:         deprecation: 2.1.0
2025-11-23 09:33:57,275:INFO:              xxhash: 3.6.0
2025-11-23 09:33:57,275:INFO:           wurlitzer: Not installed
2025-11-23 09:33:57,276:INFO:PyCaret optional dependencies:
2025-11-23 09:33:57,772:INFO:                shap: Not installed
2025-11-23 09:33:57,773:INFO:           interpret: Not installed
2025-11-23 09:33:57,773:INFO:                umap: Not installed
2025-11-23 09:33:57,773:INFO:    pandas_profiling: Not installed
2025-11-23 09:33:57,773:INFO:  explainerdashboard: Not installed
2025-11-23 09:33:57,773:INFO:             autoviz: Not installed
2025-11-23 09:33:57,773:INFO:           fairlearn: Not installed
2025-11-23 09:33:57,773:INFO:          deepchecks: Not installed
2025-11-23 09:33:57,773:INFO:             xgboost: Not installed
2025-11-23 09:33:57,773:INFO:            catboost: Not installed
2025-11-23 09:33:57,773:INFO:              kmodes: Not installed
2025-11-23 09:33:57,773:INFO:             mlxtend: Not installed
2025-11-23 09:33:57,773:INFO:       statsforecast: Not installed
2025-11-23 09:33:57,773:INFO:        tune_sklearn: Not installed
2025-11-23 09:33:57,773:INFO:                 ray: Not installed
2025-11-23 09:33:57,774:INFO:            hyperopt: Not installed
2025-11-23 09:33:57,774:INFO:              optuna: Not installed
2025-11-23 09:33:57,774:INFO:               skopt: Not installed
2025-11-23 09:33:57,774:INFO:              mlflow: 3.6.0
2025-11-23 09:33:57,774:INFO:              gradio: Not installed
2025-11-23 09:33:57,774:INFO:             fastapi: 0.121.3
2025-11-23 09:33:57,774:INFO:             uvicorn: 0.38.0
2025-11-23 09:33:57,774:INFO:              m2cgen: Not installed
2025-11-23 09:33:57,774:INFO:           evidently: Not installed
2025-11-23 09:33:57,774:INFO:               fugue: Not installed
2025-11-23 09:33:57,774:INFO:           streamlit: 1.51.0
2025-11-23 09:33:57,774:INFO:             prophet: Not installed
2025-11-23 09:33:57,774:INFO:None
2025-11-23 09:33:57,774:INFO:Set up data.
2025-11-23 09:33:57,786:INFO:Set up train/test split.
2025-11-23 09:33:57,798:INFO:Set up index.
2025-11-23 09:33:57,799:INFO:Set up folding strategy.
2025-11-23 09:33:57,799:INFO:Assigning column types.
2025-11-23 09:33:57,805:INFO:Engine successfully changes for model 'lr' to 'sklearn'.
2025-11-23 09:33:57,829:INFO:Engine for model 'knn' has not been set explicitly, hence returning None.
2025-11-23 09:33:57,832:INFO:Engine for model 'rbfsvm' has not been set explicitly, hence returning None.
2025-11-23 09:33:57,852:WARNING:
'xgboost' is a soft dependency and not included in the pycaret installation. Please run: `pip install xgboost` to install.
Alternately, you can install this by running `pip install pycaret[models]`
2025-11-23 09:33:57,852:WARNING:
'catboost' is a soft dependency and not included in the pycaret installation. Please run: `pip install catboost` to install.
Alternately, you can install this by running `pip install pycaret[models]`
2025-11-23 09:33:57,875:INFO:Engine for model 'knn' has not been set explicitly, hence returning None.
2025-11-23 09:33:57,875:INFO:Engine for model 'rbfsvm' has not been set explicitly, hence returning None.
2025-11-23 09:33:57,890:WARNING:
'xgboost' is a soft dependency and not included in the pycaret installation. Please run: `pip install xgboost` to install.
Alternately, you can install this by running `pip install pycaret[models]`
2025-11-23 09:33:57,891:WARNING:
'catboost' is a soft dependency and not included in the pycaret installation. Please run: `pip install catboost` to install.
Alternately, you can install this by running `pip install pycaret[models]`
2025-11-23 09:33:57,891:INFO:Engine successfully changes for model 'knn' to 'sklearn'.
2025-11-23 09:33:57,917:INFO:Engine for model 'rbfsvm' has not been set explicitly, hence returning None.
2025-11-23 09:33:57,939:WARNING:
'xgboost' is a soft dependency and not included in the pycaret installation. Please run: `pip install xgboost` to install.
Alternately, you can install this by running `pip install pycaret[models]`
2025-11-23 09:33:57,939:WARNING:
'catboost' is a soft dependency and not included in the pycaret installation. Please run: `pip install catboost` to install.
Alternately, you can install this by running `pip install pycaret[models]`
2025-11-23 09:33:57,963:INFO:Engine for model 'rbfsvm' has not been set explicitly, hence returning None.
2025-11-23 09:33:57,977:WARNING:
'xgboost' is a soft dependency and not included in the pycaret installation. Please run: `pip install xgboost` to install.
Alternately, you can install this by running `pip install pycaret[models]`
2025-11-23 09:33:57,978:WARNING:
'catboost' is a soft dependency and not included in the pycaret installation. Please run: `pip install catboost` to install.
Alternately, you can install this by running `pip install pycaret[models]`
2025-11-23 09:33:57,978:INFO:Engine successfully changes for model 'rbfsvm' to 'sklearn'.
2025-11-23 09:33:58,014:WARNING:
'xgboost' is a soft dependency and not included in the pycaret installation. Please run: `pip install xgboost` to install.
Alternately, you can install this by running `pip install pycaret[models]`
2025-11-23 09:33:58,014:WARNING:
'catboost' is a soft dependency and not included in the pycaret installation. Please run: `pip install catboost` to install.
Alternately, you can install this by running `pip install pycaret[models]`
2025-11-23 09:33:58,051:WARNING:
'xgboost' is a soft dependency and not included in the pycaret installation. Please run: `pip install xgboost` to install.
Alternately, you can install this by running `pip install pycaret[models]`
2025-11-23 09:33:58,051:WARNING:
'catboost' is a soft dependency and not included in the pycaret installation. Please run: `pip install catboost` to install.
Alternately, you can install this by running `pip install pycaret[models]`
2025-11-23 09:33:58,054:INFO:Preparing preprocessing pipeline...
2025-11-23 09:33:58,055:INFO:Set up simple imputation.
2025-11-23 09:33:58,057:INFO:Set up encoding of categorical features.
2025-11-23 09:33:58,106:INFO:Finished creating preprocessing pipeline.
2025-11-23 09:33:58,115:INFO:Pipeline: Pipeline(memory=FastMemory(location=C:\Users\vbravo\AppData\Local\Temp\joblib),
         steps=[('numerical_imputer',
                 TransformerWrapper(exclude=None,
                                    include=['age', 'monthly_income_usd',
                                             'app_usage_score',
                                             'digital_profile_strength',
                                             'num_contacts_uploaded',
                                             'political_event_last_month'],
                                    transformer=SimpleImputer(add_indicator=False,
                                                              copy=True,
                                                              fill_value=None,
                                                              keep...
                                                              keep_empty_features=False,
                                                              missing_values=nan,
                                                              strategy='most_frequent',
                                                              verbose='deprecated'))),
                ('onehot_encoding',
                 TransformerWrapper(exclude=None,
                                    include=['residence_risk_zone'],
                                    transformer=OneHotEncoder(cols=['residence_risk_zone'],
                                                              drop_invariant=False,
                                                              handle_missing='return_nan',
                                                              handle_unknown='value',
                                                              return_df=True,
                                                              use_cat_names=True,
                                                              verbose=0)))],
         verbose=False)
2025-11-23 09:33:58,115:INFO:Creating final display dataframe.
2025-11-23 09:33:58,213:INFO:Setup _display_container:                     Description             Value
0                    Session id               123
1                        Target          approved
2                   Target type            Binary
3           Original data shape         (1000, 8)
4        Transformed data shape        (1000, 10)
5   Transformed train set shape         (700, 10)
6    Transformed test set shape         (300, 10)
7              Numeric features                 6
8          Categorical features                 1
9                    Preprocess              True
10              Imputation type            simple
11           Numeric imputation              mean
12       Categorical imputation              mode
13     Maximum one-hot encoding                25
14              Encoding method              None
15               Fold Generator   StratifiedKFold
16                  Fold Number                10
17                     CPU Jobs                -1
18                      Use GPU             False
19               Log Experiment             False
20              Experiment Name  clf-default-name
21                          USI              42e9
2025-11-23 09:33:58,272:WARNING:
'xgboost' is a soft dependency and not included in the pycaret installation. Please run: `pip install xgboost` to install.
Alternately, you can install this by running `pip install pycaret[models]`
2025-11-23 09:33:58,273:WARNING:
'catboost' is a soft dependency and not included in the pycaret installation. Please run: `pip install catboost` to install.
Alternately, you can install this by running `pip install pycaret[models]`
2025-11-23 09:33:58,313:WARNING:
'xgboost' is a soft dependency and not included in the pycaret installation. Please run: `pip install xgboost` to install.
Alternately, you can install this by running `pip install pycaret[models]`
2025-11-23 09:33:58,313:WARNING:
'catboost' is a soft dependency and not included in the pycaret installation. Please run: `pip install catboost` to install.
Alternately, you can install this by running `pip install pycaret[models]`
2025-11-23 09:33:58,314:INFO:setup() successfully completed in 2.5s...............
2025-11-23 09:33:58,314:INFO:Initializing compare_models()
2025-11-23 09:33:58,314:INFO:compare_models(self=<pycaret.classification.oop.ClassificationExperiment object at 0x0000022115D8BF70>, include=None, fold=None, round=4, cross_validation=True, sort=Accuracy, n_select=1, budget_time=None, turbo=True, errors=ignore, fit_kwargs=None, groups=None, experiment_custom_tags=None, probability_threshold=None, verbose=True, parallel=None, caller_params={'self': <pycaret.classification.oop.ClassificationExperiment object at 0x0000022115D8BF70>, 'include': None, 'exclude': None, 'fold': None, 'round': 4, 'cross_validation': True, 'sort': 'Accuracy', 'n_select': 1, 'budget_time': None, 'turbo': True, 'errors': 'ignore', 'fit_kwargs': None, 'groups': None, 'experiment_custom_tags': None, 'probability_threshold': None, 'engine': None, 'verbose': True, 'parallel': None, '__class__': <class 'pycaret.classification.oop.ClassificationExperiment'>}, exclude=None)
2025-11-23 09:33:58,314:INFO:Checking exceptions
2025-11-23 09:33:58,317:INFO:Preparing display monitor
2025-11-23 09:33:58,322:INFO:Initializing Logistic Regression
2025-11-23 09:33:58,322:INFO:Total runtime is 0.0 minutes
2025-11-23 09:33:58,322:INFO:SubProcess create_model() called ==================================
2025-11-23 09:33:58,323:INFO:Initializing create_model()
2025-11-23 09:33:58,323:INFO:create_model(self=<pycaret.classification.oop.ClassificationExperiment object at 0x0000022115D8BF70>, estimator=lr, fold=StratifiedKFold(n_splits=10, random_state=None, shuffle=False), round=4, cross_validation=True, predict=True, fit_kwargs={}, groups=None, refit=False, probability_threshold=None, experiment_custom_tags=None, verbose=False, system=False, add_to_model_list=True, metrics=None, display=<pycaret.internal.display.display.CommonDisplay object at 0x0000022159A63CA0>, model_only=True, return_train_score=False, kwargs={})
2025-11-23 09:33:58,323:INFO:Checking exceptions
2025-11-23 09:33:58,323:INFO:Importing libraries
2025-11-23 09:33:58,323:INFO:Copying training dataset
2025-11-23 09:33:58,326:INFO:Defining folds
2025-11-23 09:33:58,327:INFO:Declaring metric variables
2025-11-23 09:33:58,327:INFO:Importing untrained model
2025-11-23 09:33:58,327:INFO:Logistic Regression Imported successfully
2025-11-23 09:33:58,327:INFO:Starting cross validation
2025-11-23 09:33:58,328:INFO:Cross validating with StratifiedKFold(n_splits=10, random_state=None, shuffle=False), n_jobs=-1
2025-11-23 09:34:13,596:WARNING:C:\Users\vbravo\Downloads\EFinal_Taller4_ValeriaBravo\venv\lib\site-packages\_distutils_hack\__init__.py:33: UserWarning: Setuptools is replacing distutils.
  warnings.warn("Setuptools is replacing distutils.")

2025-11-23 09:34:13,656:WARNING:C:\Users\vbravo\Downloads\EFinal_Taller4_ValeriaBravo\venv\lib\site-packages\_distutils_hack\__init__.py:33: UserWarning: Setuptools is replacing distutils.
  warnings.warn("Setuptools is replacing distutils.")

2025-11-23 09:34:13,716:WARNING:C:\Users\vbravo\Downloads\EFinal_Taller4_ValeriaBravo\venv\lib\site-packages\_distutils_hack\__init__.py:33: UserWarning: Setuptools is replacing distutils.
  warnings.warn("Setuptools is replacing distutils.")

2025-11-23 09:34:13,764:WARNING:C:\Users\vbravo\Downloads\EFinal_Taller4_ValeriaBravo\venv\lib\site-packages\_distutils_hack\__init__.py:33: UserWarning: Setuptools is replacing distutils.
  warnings.warn("Setuptools is replacing distutils.")

2025-11-23 09:34:13,791:WARNING:C:\Users\vbravo\Downloads\EFinal_Taller4_ValeriaBravo\venv\lib\site-packages\_distutils_hack\__init__.py:33: UserWarning: Setuptools is replacing distutils.
  warnings.warn("Setuptools is replacing distutils.")

2025-11-23 09:34:13,815:WARNING:C:\Users\vbravo\Downloads\EFinal_Taller4_ValeriaBravo\venv\lib\site-packages\_distutils_hack\__init__.py:33: UserWarning: Setuptools is replacing distutils.
  warnings.warn("Setuptools is replacing distutils.")

2025-11-23 09:34:13,864:WARNING:C:\Users\vbravo\Downloads\EFinal_Taller4_ValeriaBravo\venv\lib\site-packages\_distutils_hack\__init__.py:33: UserWarning: Setuptools is replacing distutils.
  warnings.warn("Setuptools is replacing distutils.")

2025-11-23 09:34:13,897:WARNING:C:\Users\vbravo\Downloads\EFinal_Taller4_ValeriaBravo\venv\lib\site-packages\_distutils_hack\__init__.py:33: UserWarning: Setuptools is replacing distutils.
  warnings.warn("Setuptools is replacing distutils.")

2025-11-23 09:34:13,921:WARNING:C:\Users\vbravo\Downloads\EFinal_Taller4_ValeriaBravo\venv\lib\site-packages\_distutils_hack\__init__.py:33: UserWarning: Setuptools is replacing distutils.
  warnings.warn("Setuptools is replacing distutils.")

2025-11-23 09:34:13,926:WARNING:C:\Users\vbravo\Downloads\EFinal_Taller4_ValeriaBravo\venv\lib\site-packages\_distutils_hack\__init__.py:33: UserWarning: Setuptools is replacing distutils.
  warnings.warn("Setuptools is replacing distutils.")

2025-11-23 09:34:14,756:WARNING:C:\Users\vbravo\Downloads\EFinal_Taller4_ValeriaBravo\venv\lib\site-packages\sklearn\linear_model\_logistic.py:458: ConvergenceWarning: lbfgs failed to converge (status=1):
STOP: TOTAL NO. of ITERATIONS REACHED LIMIT.

Increase the number of iterations (max_iter) or scale the data as shown in:
    https://scikit-learn.org/stable/modules/preprocessing.html
Please also refer to the documentation for alternative solver options:
    https://scikit-learn.org/stable/modules/linear_model.html#logistic-regression
  n_iter_i = _check_optimize_result(

2025-11-23 09:34:14,825:WARNING:C:\Users\vbravo\Downloads\EFinal_Taller4_ValeriaBravo\venv\lib\site-packages\sklearn\linear_model\_logistic.py:458: ConvergenceWarning: lbfgs failed to converge (status=1):
STOP: TOTAL NO. of ITERATIONS REACHED LIMIT.

Increase the number of iterations (max_iter) or scale the data as shown in:
    https://scikit-learn.org/stable/modules/preprocessing.html
Please also refer to the documentation for alternative solver options:
    https://scikit-learn.org/stable/modules/linear_model.html#logistic-regression
  n_iter_i = _check_optimize_result(

2025-11-23 09:34:14,865:WARNING:C:\Users\vbravo\Downloads\EFinal_Taller4_ValeriaBravo\venv\lib\site-packages\sklearn\linear_model\_logistic.py:458: ConvergenceWarning: lbfgs failed to converge (status=1):
STOP: TOTAL NO. of ITERATIONS REACHED LIMIT.

Increase the number of iterations (max_iter) or scale the data as shown in:
    https://scikit-learn.org/stable/modules/preprocessing.html
Please also refer to the documentation for alternative solver options:
    https://scikit-learn.org/stable/modules/linear_model.html#logistic-regression
  n_iter_i = _check_optimize_result(

2025-11-23 09:34:14,897:WARNING:C:\Users\vbravo\Downloads\EFinal_Taller4_ValeriaBravo\venv\lib\site-packages\sklearn\linear_model\_logistic.py:458: ConvergenceWarning: lbfgs failed to converge (status=1):
STOP: TOTAL NO. of ITERATIONS REACHED LIMIT.

Increase the number of iterations (max_iter) or scale the data as shown in:
    https://scikit-learn.org/stable/modules/preprocessing.html
Please also refer to the documentation for alternative solver options:
    https://scikit-learn.org/stable/modules/linear_model.html#logistic-regression
  n_iter_i = _check_optimize_result(

2025-11-23 09:34:14,982:WARNING:C:\Users\vbravo\Downloads\EFinal_Taller4_ValeriaBravo\venv\lib\site-packages\sklearn\linear_model\_logistic.py:458: ConvergenceWarning: lbfgs failed to converge (status=1):
STOP: TOTAL NO. of ITERATIONS REACHED LIMIT.

Increase the number of iterations (max_iter) or scale the data as shown in:
    https://scikit-learn.org/stable/modules/preprocessing.html
Please also refer to the documentation for alternative solver options:
    https://scikit-learn.org/stable/modules/linear_model.html#logistic-regression
  n_iter_i = _check_optimize_result(

2025-11-23 09:34:15,053:WARNING:C:\Users\vbravo\Downloads\EFinal_Taller4_ValeriaBravo\venv\lib\site-packages\sklearn\linear_model\_logistic.py:458: ConvergenceWarning: lbfgs failed to converge (status=1):
STOP: TOTAL NO. of ITERATIONS REACHED LIMIT.

Increase the number of iterations (max_iter) or scale the data as shown in:
    https://scikit-learn.org/stable/modules/preprocessing.html
Please also refer to the documentation for alternative solver options:
    https://scikit-learn.org/stable/modules/linear_model.html#logistic-regression
  n_iter_i = _check_optimize_result(

2025-11-23 09:34:15,068:WARNING:C:\Users\vbravo\Downloads\EFinal_Taller4_ValeriaBravo\venv\lib\site-packages\sklearn\linear_model\_logistic.py:458: ConvergenceWarning: lbfgs failed to converge (status=1):
STOP: TOTAL NO. of ITERATIONS REACHED LIMIT.

Increase the number of iterations (max_iter) or scale the data as shown in:
    https://scikit-learn.org/stable/modules/preprocessing.html
Please also refer to the documentation for alternative solver options:
    https://scikit-learn.org/stable/modules/linear_model.html#logistic-regression
  n_iter_i = _check_optimize_result(

2025-11-23 09:34:15,098:WARNING:C:\Users\vbravo\Downloads\EFinal_Taller4_ValeriaBravo\venv\lib\site-packages\sklearn\linear_model\_logistic.py:458: ConvergenceWarning: lbfgs failed to converge (status=1):
STOP: TOTAL NO. of ITERATIONS REACHED LIMIT.

Increase the number of iterations (max_iter) or scale the data as shown in:
    https://scikit-learn.org/stable/modules/preprocessing.html
Please also refer to the documentation for alternative solver options:
    https://scikit-learn.org/stable/modules/linear_model.html#logistic-regression
  n_iter_i = _check_optimize_result(

2025-11-23 09:34:15,233:INFO:Calculating mean and std
2025-11-23 09:34:15,237:INFO:Creating metrics dataframe
2025-11-23 09:34:15,265:INFO:Uploading results into container
2025-11-23 09:34:15,267:INFO:Uploading model into container now
2025-11-23 09:34:15,268:INFO:_master_model_container: 1
2025-11-23 09:34:15,268:INFO:_display_container: 2
2025-11-23 09:34:15,270:INFO:LogisticRegression(C=1.0, class_weight=None, dual=False, fit_intercept=True,
                   intercept_scaling=1, l1_ratio=None, max_iter=1000,
                   multi_class='auto', n_jobs=None, penalty='l2',
                   random_state=123, solver='lbfgs', tol=0.0001, verbose=0,
                   warm_start=False)
2025-11-23 09:34:15,270:INFO:create_model() successfully completed......................................
2025-11-23 09:34:15,454:INFO:SubProcess create_model() end ==================================
2025-11-23 09:34:15,454:INFO:Creating metrics dataframe
2025-11-23 09:34:15,462:INFO:Initializing K Neighbors Classifier
2025-11-23 09:34:15,463:INFO:Total runtime is 0.28567918539047243 minutes
2025-11-23 09:34:15,463:INFO:SubProcess create_model() called ==================================
2025-11-23 09:34:15,464:INFO:Initializing create_model()
2025-11-23 09:34:15,464:INFO:create_model(self=<pycaret.classification.oop.ClassificationExperiment object at 0x0000022115D8BF70>, estimator=knn, fold=StratifiedKFold(n_splits=10, random_state=None, shuffle=False), round=4, cross_validation=True, predict=True, fit_kwargs={}, groups=None, refit=False, probability_threshold=None, experiment_custom_tags=None, verbose=False, system=False, add_to_model_list=True, metrics=None, display=<pycaret.internal.display.display.CommonDisplay object at 0x0000022159A63CA0>, model_only=True, return_train_score=False, kwargs={})
2025-11-23 09:34:15,464:INFO:Checking exceptions
2025-11-23 09:34:15,464:INFO:Importing libraries
2025-11-23 09:34:15,464:INFO:Copying training dataset
2025-11-23 09:34:15,469:INFO:Defining folds
2025-11-23 09:34:15,469:INFO:Declaring metric variables
2025-11-23 09:34:15,470:INFO:Importing untrained model
2025-11-23 09:34:15,471:INFO:K Neighbors Classifier Imported successfully
2025-11-23 09:34:15,471:INFO:Starting cross validation
2025-11-23 09:34:15,473:INFO:Cross validating with StratifiedKFold(n_splits=10, random_state=None, shuffle=False), n_jobs=-1
2025-11-23 09:34:26,557:WARNING:C:\Users\vbravo\Downloads\EFinal_Taller4_ValeriaBravo\venv\lib\site-packages\_distutils_hack\__init__.py:33: UserWarning: Setuptools is replacing distutils.
  warnings.warn("Setuptools is replacing distutils.")

2025-11-23 09:34:26,592:WARNING:C:\Users\vbravo\Downloads\EFinal_Taller4_ValeriaBravo\venv\lib\site-packages\_distutils_hack\__init__.py:33: UserWarning: Setuptools is replacing distutils.
  warnings.warn("Setuptools is replacing distutils.")

2025-11-23 09:34:26,663:WARNING:C:\Users\vbravo\Downloads\EFinal_Taller4_ValeriaBravo\venv\lib\site-packages\_distutils_hack\__init__.py:33: UserWarning: Setuptools is replacing distutils.
  warnings.warn("Setuptools is replacing distutils.")

2025-11-23 09:34:26,689:WARNING:C:\Users\vbravo\Downloads\EFinal_Taller4_ValeriaBravo\venv\lib\site-packages\_distutils_hack\__init__.py:33: UserWarning: Setuptools is replacing distutils.
  warnings.warn("Setuptools is replacing distutils.")

2025-11-23 09:34:27,506:INFO:Calculating mean and std
2025-11-23 09:34:27,508:INFO:Creating metrics dataframe
2025-11-23 09:34:27,529:INFO:Uploading results into container
2025-11-23 09:34:27,531:INFO:Uploading model into container now
2025-11-23 09:34:27,531:INFO:_master_model_container: 2
2025-11-23 09:34:27,532:INFO:_display_container: 2
2025-11-23 09:34:27,532:INFO:KNeighborsClassifier(algorithm='auto', leaf_size=30, metric='minkowski',
                     metric_params=None, n_jobs=-1, n_neighbors=5, p=2,
                     weights='uniform')
2025-11-23 09:34:27,533:INFO:create_model() successfully completed......................................
2025-11-23 09:34:27,686:INFO:SubProcess create_model() end ==================================
2025-11-23 09:34:27,686:INFO:Creating metrics dataframe
2025-11-23 09:34:27,695:INFO:Initializing Naive Bayes
2025-11-23 09:34:27,696:INFO:Total runtime is 0.48956337372461955 minutes
2025-11-23 09:34:27,696:INFO:SubProcess create_model() called ==================================
2025-11-23 09:34:27,697:INFO:Initializing create_model()
2025-11-23 09:34:27,697:INFO:create_model(self=<pycaret.classification.oop.ClassificationExperiment object at 0x0000022115D8BF70>, estimator=nb, fold=StratifiedKFold(n_splits=10, random_state=None, shuffle=False), round=4, cross_validation=True, predict=True, fit_kwargs={}, groups=None, refit=False, probability_threshold=None, experiment_custom_tags=None, verbose=False, system=False, add_to_model_list=True, metrics=None, display=<pycaret.internal.display.display.CommonDisplay object at 0x0000022159A63CA0>, model_only=True, return_train_score=False, kwargs={})
2025-11-23 09:34:27,697:INFO:Checking exceptions
2025-11-23 09:34:27,697:INFO:Importing libraries
2025-11-23 09:34:27,697:INFO:Copying training dataset
2025-11-23 09:34:27,702:INFO:Defining folds
2025-11-23 09:34:27,703:INFO:Declaring metric variables
2025-11-23 09:34:27,703:INFO:Importing untrained model
2025-11-23 09:34:27,703:INFO:Naive Bayes Imported successfully
2025-11-23 09:34:27,704:INFO:Starting cross validation
2025-11-23 09:34:27,705:INFO:Cross validating with StratifiedKFold(n_splits=10, random_state=None, shuffle=False), n_jobs=-1
2025-11-23 09:34:27,967:INFO:Calculating mean and std
2025-11-23 09:34:27,968:INFO:Creating metrics dataframe
2025-11-23 09:34:27,978:INFO:Uploading results into container
2025-11-23 09:34:27,979:INFO:Uploading model into container now
2025-11-23 09:34:27,979:INFO:_master_model_container: 3
2025-11-23 09:34:27,979:INFO:_display_container: 2
2025-11-23 09:34:27,979:INFO:GaussianNB(priors=None, var_smoothing=1e-09)
2025-11-23 09:34:27,979:INFO:create_model() successfully completed......................................
2025-11-23 09:34:28,114:INFO:SubProcess create_model() end ==================================
2025-11-23 09:34:28,115:INFO:Creating metrics dataframe
2025-11-23 09:34:28,124:INFO:Initializing Decision Tree Classifier
2025-11-23 09:34:28,124:INFO:Total runtime is 0.49670726458231607 minutes
2025-11-23 09:34:28,124:INFO:SubProcess create_model() called ==================================
2025-11-23 09:34:28,125:INFO:Initializing create_model()
2025-11-23 09:34:28,125:INFO:create_model(self=<pycaret.classification.oop.ClassificationExperiment object at 0x0000022115D8BF70>, estimator=dt, fold=StratifiedKFold(n_splits=10, random_state=None, shuffle=False), round=4, cross_validation=True, predict=True, fit_kwargs={}, groups=None, refit=False, probability_threshold=None, experiment_custom_tags=None, verbose=False, system=False, add_to_model_list=True, metrics=None, display=<pycaret.internal.display.display.CommonDisplay object at 0x0000022159A63CA0>, model_only=True, return_train_score=False, kwargs={})
2025-11-23 09:34:28,125:INFO:Checking exceptions
2025-11-23 09:34:28,125:INFO:Importing libraries
2025-11-23 09:34:28,126:INFO:Copying training dataset
2025-11-23 09:34:28,130:INFO:Defining folds
2025-11-23 09:34:28,131:INFO:Declaring metric variables
2025-11-23 09:34:28,131:INFO:Importing untrained model
2025-11-23 09:34:28,132:INFO:Decision Tree Classifier Imported successfully
2025-11-23 09:34:28,132:INFO:Starting cross validation
2025-11-23 09:34:28,133:INFO:Cross validating with StratifiedKFold(n_splits=10, random_state=None, shuffle=False), n_jobs=-1
2025-11-23 09:34:28,404:INFO:Calculating mean and std
2025-11-23 09:34:28,405:INFO:Creating metrics dataframe
2025-11-23 09:34:28,417:INFO:Uploading results into container
2025-11-23 09:34:28,418:INFO:Uploading model into container now
2025-11-23 09:34:28,418:INFO:_master_model_container: 4
2025-11-23 09:34:28,419:INFO:_display_container: 2
2025-11-23 09:34:28,419:INFO:DecisionTreeClassifier(ccp_alpha=0.0, class_weight=None, criterion='gini',
                       max_depth=None, max_features=None, max_leaf_nodes=None,
                       min_impurity_decrease=0.0, min_samples_leaf=1,
                       min_samples_split=2, min_weight_fraction_leaf=0.0,
                       random_state=123, splitter='best')
2025-11-23 09:34:28,419:INFO:create_model() successfully completed......................................
2025-11-23 09:34:28,549:INFO:SubProcess create_model() end ==================================
2025-11-23 09:34:28,550:INFO:Creating metrics dataframe
2025-11-23 09:34:28,562:INFO:Initializing SVM - Linear Kernel
2025-11-23 09:34:28,563:INFO:Total runtime is 0.504010287920634 minutes
2025-11-23 09:34:28,563:INFO:SubProcess create_model() called ==================================
2025-11-23 09:34:28,563:INFO:Initializing create_model()
2025-11-23 09:34:28,563:INFO:create_model(self=<pycaret.classification.oop.ClassificationExperiment object at 0x0000022115D8BF70>, estimator=svm, fold=StratifiedKFold(n_splits=10, random_state=None, shuffle=False), round=4, cross_validation=True, predict=True, fit_kwargs={}, groups=None, refit=False, probability_threshold=None, experiment_custom_tags=None, verbose=False, system=False, add_to_model_list=True, metrics=None, display=<pycaret.internal.display.display.CommonDisplay object at 0x0000022159A63CA0>, model_only=True, return_train_score=False, kwargs={})
2025-11-23 09:34:28,563:INFO:Checking exceptions
2025-11-23 09:34:28,563:INFO:Importing libraries
2025-11-23 09:34:28,563:INFO:Copying training dataset
2025-11-23 09:34:28,566:INFO:Defining folds
2025-11-23 09:34:28,566:INFO:Declaring metric variables
2025-11-23 09:34:28,566:INFO:Importing untrained model
2025-11-23 09:34:28,567:INFO:SVM - Linear Kernel Imported successfully
2025-11-23 09:34:28,567:INFO:Starting cross validation
2025-11-23 09:34:28,568:INFO:Cross validating with StratifiedKFold(n_splits=10, random_state=None, shuffle=False), n_jobs=-1
2025-11-23 09:34:28,699:WARNING:C:\Users\vbravo\Downloads\EFinal_Taller4_ValeriaBravo\venv\lib\site-packages\pycaret\internal\metrics.py:138: FitFailedWarning: Metric 'make_scorer(roc_auc_score, needs_proba=True, error_score=0.0, average=weighted, multi_class=ovr)' failed and error score 0.0 has been returned instead. If this is a custom metric, this usually means that the error is in the metric code. Full exception below:
Traceback (most recent call last):
  File "C:\Users\vbravo\Downloads\EFinal_Taller4_ValeriaBravo\venv\lib\site-packages\sklearn\metrics\_scorer.py", line 76, in _cached_call
    return cache[method]
KeyError: 'predict_proba'

During handling of the above exception, another exception occurred:

Traceback (most recent call last):
  File "C:\Users\vbravo\Downloads\EFinal_Taller4_ValeriaBravo\venv\lib\site-packages\pycaret\internal\metrics.py", line 130, in _score
    return super()._score(
  File "C:\Users\vbravo\Downloads\EFinal_Taller4_ValeriaBravo\venv\lib\site-packages\sklearn\metrics\_scorer.py", line 316, in _score
    y_pred = method_caller(clf, "predict_proba", X)
  File "C:\Users\vbravo\Downloads\EFinal_Taller4_ValeriaBravo\venv\lib\site-packages\sklearn\metrics\_scorer.py", line 78, in _cached_call
    result = getattr(estimator, method)(*args, **kwargs)
  File "C:\Users\vbravo\Downloads\EFinal_Taller4_ValeriaBravo\venv\lib\site-packages\pycaret\internal\pipeline.py", line 121, in __getattr__
    return getattr(self._final_estimator, name)
  File "C:\Users\vbravo\Downloads\EFinal_Taller4_ValeriaBravo\venv\lib\site-packages\sklearn\utils\_available_if.py", line 32, in __get__
    if not self.check(obj):
  File "C:\Users\vbravo\Downloads\EFinal_Taller4_ValeriaBravo\venv\lib\site-packages\sklearn\linear_model\_stochastic_gradient.py", line 1235, in _check_proba
    raise AttributeError(
AttributeError: probability estimates are not available for loss='hinge'

  warnings.warn(

2025-11-23 09:34:28,705:WARNING:C:\Users\vbravo\Downloads\EFinal_Taller4_ValeriaBravo\venv\lib\site-packages\pycaret\internal\metrics.py:138: FitFailedWarning: Metric 'make_scorer(roc_auc_score, needs_proba=True, error_score=0.0, average=weighted, multi_class=ovr)' failed and error score 0.0 has been returned instead. If this is a custom metric, this usually means that the error is in the metric code. Full exception below:
Traceback (most recent call last):
  File "C:\Users\vbravo\Downloads\EFinal_Taller4_ValeriaBravo\venv\lib\site-packages\sklearn\metrics\_scorer.py", line 76, in _cached_call
    return cache[method]
KeyError: 'predict_proba'

During handling of the above exception, another exception occurred:

Traceback (most recent call last):
  File "C:\Users\vbravo\Downloads\EFinal_Taller4_ValeriaBravo\venv\lib\site-packages\pycaret\internal\metrics.py", line 130, in _score
    return super()._score(
  File "C:\Users\vbravo\Downloads\EFinal_Taller4_ValeriaBravo\venv\lib\site-packages\sklearn\metrics\_scorer.py", line 316, in _score
    y_pred = method_caller(clf, "predict_proba", X)
  File "C:\Users\vbravo\Downloads\EFinal_Taller4_ValeriaBravo\venv\lib\site-packages\sklearn\metrics\_scorer.py", line 78, in _cached_call
    result = getattr(estimator, method)(*args, **kwargs)
  File "C:\Users\vbravo\Downloads\EFinal_Taller4_ValeriaBravo\venv\lib\site-packages\pycaret\internal\pipeline.py", line 121, in __getattr__
    return getattr(self._final_estimator, name)
  File "C:\Users\vbravo\Downloads\EFinal_Taller4_ValeriaBravo\venv\lib\site-packages\sklearn\utils\_available_if.py", line 32, in __get__
    if not self.check(obj):
  File "C:\Users\vbravo\Downloads\EFinal_Taller4_ValeriaBravo\venv\lib\site-packages\sklearn\linear_model\_stochastic_gradient.py", line 1235, in _check_proba
    raise AttributeError(
AttributeError: probability estimates are not available for loss='hinge'

  warnings.warn(

2025-11-23 09:34:28,712:WARNING:C:\Users\vbravo\Downloads\EFinal_Taller4_ValeriaBravo\venv\lib\site-packages\sklearn\metrics\_classification.py:1344: UndefinedMetricWarning: Precision is ill-defined and being set to 0.0 due to no predicted samples. Use `zero_division` parameter to control this behavior.
  _warn_prf(average, modifier, msg_start, len(result))

2025-11-23 09:34:28,718:WARNING:C:\Users\vbravo\Downloads\EFinal_Taller4_ValeriaBravo\venv\lib\site-packages\pycaret\internal\metrics.py:138: FitFailedWarning: Metric 'make_scorer(roc_auc_score, needs_proba=True, error_score=0.0, average=weighted, multi_class=ovr)' failed and error score 0.0 has been returned instead. If this is a custom metric, this usually means that the error is in the metric code. Full exception below:
Traceback (most recent call last):
  File "C:\Users\vbravo\Downloads\EFinal_Taller4_ValeriaBravo\venv\lib\site-packages\sklearn\metrics\_scorer.py", line 76, in _cached_call
    return cache[method]
KeyError: 'predict_proba'

During handling of the above exception, another exception occurred:

Traceback (most recent call last):
  File "C:\Users\vbravo\Downloads\EFinal_Taller4_ValeriaBravo\venv\lib\site-packages\pycaret\internal\metrics.py", line 130, in _score
    return super()._score(
  File "C:\Users\vbravo\Downloads\EFinal_Taller4_ValeriaBravo\venv\lib\site-packages\sklearn\metrics\_scorer.py", line 316, in _score
    y_pred = method_caller(clf, "predict_proba", X)
  File "C:\Users\vbravo\Downloads\EFinal_Taller4_ValeriaBravo\venv\lib\site-packages\sklearn\metrics\_scorer.py", line 78, in _cached_call
    result = getattr(estimator, method)(*args, **kwargs)
  File "C:\Users\vbravo\Downloads\EFinal_Taller4_ValeriaBravo\venv\lib\site-packages\pycaret\internal\pipeline.py", line 121, in __getattr__
    return getattr(self._final_estimator, name)
  File "C:\Users\vbravo\Downloads\EFinal_Taller4_ValeriaBravo\venv\lib\site-packages\sklearn\utils\_available_if.py", line 32, in __get__
    if not self.check(obj):
  File "C:\Users\vbravo\Downloads\EFinal_Taller4_ValeriaBravo\venv\lib\site-packages\sklearn\linear_model\_stochastic_gradient.py", line 1235, in _check_proba
    raise AttributeError(
AttributeError: probability estimates are not available for loss='hinge'

  warnings.warn(

2025-11-23 09:34:28,719:WARNING:C:\Users\vbravo\Downloads\EFinal_Taller4_ValeriaBravo\venv\lib\site-packages\pycaret\internal\metrics.py:138: FitFailedWarning: Metric 'make_scorer(roc_auc_score, needs_proba=True, error_score=0.0, average=weighted, multi_class=ovr)' failed and error score 0.0 has been returned instead. If this is a custom metric, this usually means that the error is in the metric code. Full exception below:
Traceback (most recent call last):
  File "C:\Users\vbravo\Downloads\EFinal_Taller4_ValeriaBravo\venv\lib\site-packages\sklearn\metrics\_scorer.py", line 76, in _cached_call
    return cache[method]
KeyError: 'predict_proba'

During handling of the above exception, another exception occurred:

Traceback (most recent call last):
  File "C:\Users\vbravo\Downloads\EFinal_Taller4_ValeriaBravo\venv\lib\site-packages\pycaret\internal\metrics.py", line 130, in _score
    return super()._score(
  File "C:\Users\vbravo\Downloads\EFinal_Taller4_ValeriaBravo\venv\lib\site-packages\sklearn\metrics\_scorer.py", line 316, in _score
    y_pred = method_caller(clf, "predict_proba", X)
  File "C:\Users\vbravo\Downloads\EFinal_Taller4_ValeriaBravo\venv\lib\site-packages\sklearn\metrics\_scorer.py", line 78, in _cached_call
    result = getattr(estimator, method)(*args, **kwargs)
  File "C:\Users\vbravo\Downloads\EFinal_Taller4_ValeriaBravo\venv\lib\site-packages\pycaret\internal\pipeline.py", line 121, in __getattr__
    return getattr(self._final_estimator, name)
  File "C:\Users\vbravo\Downloads\EFinal_Taller4_ValeriaBravo\venv\lib\site-packages\sklearn\utils\_available_if.py", line 32, in __get__
    if not self.check(obj):
  File "C:\Users\vbravo\Downloads\EFinal_Taller4_ValeriaBravo\venv\lib\site-packages\sklearn\linear_model\_stochastic_gradient.py", line 1235, in _check_proba
    raise AttributeError(
AttributeError: probability estimates are not available for loss='hinge'

  warnings.warn(

2025-11-23 09:34:28,720:WARNING:C:\Users\vbravo\Downloads\EFinal_Taller4_ValeriaBravo\venv\lib\site-packages\pycaret\internal\metrics.py:138: FitFailedWarning: Metric 'make_scorer(roc_auc_score, needs_proba=True, error_score=0.0, average=weighted, multi_class=ovr)' failed and error score 0.0 has been returned instead. If this is a custom metric, this usually means that the error is in the metric code. Full exception below:
Traceback (most recent call last):
  File "C:\Users\vbravo\Downloads\EFinal_Taller4_ValeriaBravo\venv\lib\site-packages\sklearn\metrics\_scorer.py", line 76, in _cached_call
    return cache[method]
KeyError: 'predict_proba'

During handling of the above exception, another exception occurred:

Traceback (most recent call last):
  File "C:\Users\vbravo\Downloads\EFinal_Taller4_ValeriaBravo\venv\lib\site-packages\pycaret\internal\metrics.py", line 130, in _score
    return super()._score(
  File "C:\Users\vbravo\Downloads\EFinal_Taller4_ValeriaBravo\venv\lib\site-packages\sklearn\metrics\_scorer.py", line 316, in _score
    y_pred = method_caller(clf, "predict_proba", X)
  File "C:\Users\vbravo\Downloads\EFinal_Taller4_ValeriaBravo\venv\lib\site-packages\sklearn\metrics\_scorer.py", line 78, in _cached_call
    result = getattr(estimator, method)(*args, **kwargs)
  File "C:\Users\vbravo\Downloads\EFinal_Taller4_ValeriaBravo\venv\lib\site-packages\pycaret\internal\pipeline.py", line 121, in __getattr__
    return getattr(self._final_estimator, name)
  File "C:\Users\vbravo\Downloads\EFinal_Taller4_ValeriaBravo\venv\lib\site-packages\sklearn\utils\_available_if.py", line 32, in __get__
    if not self.check(obj):
  File "C:\Users\vbravo\Downloads\EFinal_Taller4_ValeriaBravo\venv\lib\site-packages\sklearn\linear_model\_stochastic_gradient.py", line 1235, in _check_proba
    raise AttributeError(
AttributeError: probability estimates are not available for loss='hinge'

  warnings.warn(

2025-11-23 09:34:28,721:WARNING:C:\Users\vbravo\Downloads\EFinal_Taller4_ValeriaBravo\venv\lib\site-packages\pycaret\internal\metrics.py:138: FitFailedWarning: Metric 'make_scorer(roc_auc_score, needs_proba=True, error_score=0.0, average=weighted, multi_class=ovr)' failed and error score 0.0 has been returned instead. If this is a custom metric, this usually means that the error is in the metric code. Full exception below:
Traceback (most recent call last):
  File "C:\Users\vbravo\Downloads\EFinal_Taller4_ValeriaBravo\venv\lib\site-packages\sklearn\metrics\_scorer.py", line 76, in _cached_call
    return cache[method]
KeyError: 'predict_proba'

During handling of the above exception, another exception occurred:

Traceback (most recent call last):
  File "C:\Users\vbravo\Downloads\EFinal_Taller4_ValeriaBravo\venv\lib\site-packages\pycaret\internal\metrics.py", line 130, in _score
    return super()._score(
  File "C:\Users\vbravo\Downloads\EFinal_Taller4_ValeriaBravo\venv\lib\site-packages\sklearn\metrics\_scorer.py", line 316, in _score
    y_pred = method_caller(clf, "predict_proba", X)
  File "C:\Users\vbravo\Downloads\EFinal_Taller4_ValeriaBravo\venv\lib\site-packages\sklearn\metrics\_scorer.py", line 78, in _cached_call
    result = getattr(estimator, method)(*args, **kwargs)
  File "C:\Users\vbravo\Downloads\EFinal_Taller4_ValeriaBravo\venv\lib\site-packages\pycaret\internal\pipeline.py", line 121, in __getattr__
    return getattr(self._final_estimator, name)
  File "C:\Users\vbravo\Downloads\EFinal_Taller4_ValeriaBravo\venv\lib\site-packages\sklearn\utils\_available_if.py", line 32, in __get__
    if not self.check(obj):
  File "C:\Users\vbravo\Downloads\EFinal_Taller4_ValeriaBravo\venv\lib\site-packages\sklearn\linear_model\_stochastic_gradient.py", line 1235, in _check_proba
    raise AttributeError(
AttributeError: probability estimates are not available for loss='hinge'

  warnings.warn(

2025-11-23 09:34:28,737:WARNING:C:\Users\vbravo\Downloads\EFinal_Taller4_ValeriaBravo\venv\lib\site-packages\pycaret\internal\metrics.py:138: FitFailedWarning: Metric 'make_scorer(roc_auc_score, needs_proba=True, error_score=0.0, average=weighted, multi_class=ovr)' failed and error score 0.0 has been returned instead. If this is a custom metric, this usually means that the error is in the metric code. Full exception below:
Traceback (most recent call last):
  File "C:\Users\vbravo\Downloads\EFinal_Taller4_ValeriaBravo\venv\lib\site-packages\sklearn\metrics\_scorer.py", line 76, in _cached_call
    return cache[method]
KeyError: 'predict_proba'

During handling of the above exception, another exception occurred:

Traceback (most recent call last):
  File "C:\Users\vbravo\Downloads\EFinal_Taller4_ValeriaBravo\venv\lib\site-packages\pycaret\internal\metrics.py", line 130, in _score
    return super()._score(
  File "C:\Users\vbravo\Downloads\EFinal_Taller4_ValeriaBravo\venv\lib\site-packages\sklearn\metrics\_scorer.py", line 316, in _score
    y_pred = method_caller(clf, "predict_proba", X)
  File "C:\Users\vbravo\Downloads\EFinal_Taller4_ValeriaBravo\venv\lib\site-packages\sklearn\metrics\_scorer.py", line 78, in _cached_call
    result = getattr(estimator, method)(*args, **kwargs)
  File "C:\Users\vbravo\Downloads\EFinal_Taller4_ValeriaBravo\venv\lib\site-packages\pycaret\internal\pipeline.py", line 121, in __getattr__
    return getattr(self._final_estimator, name)
  File "C:\Users\vbravo\Downloads\EFinal_Taller4_ValeriaBravo\venv\lib\site-packages\sklearn\utils\_available_if.py", line 32, in __get__
    if not self.check(obj):
  File "C:\Users\vbravo\Downloads\EFinal_Taller4_ValeriaBravo\venv\lib\site-packages\sklearn\linear_model\_stochastic_gradient.py", line 1235, in _check_proba
    raise AttributeError(
AttributeError: probability estimates are not available for loss='hinge'

  warnings.warn(

2025-11-23 09:34:28,743:WARNING:C:\Users\vbravo\Downloads\EFinal_Taller4_ValeriaBravo\venv\lib\site-packages\pycaret\internal\metrics.py:138: FitFailedWarning: Metric 'make_scorer(roc_auc_score, needs_proba=True, error_score=0.0, average=weighted, multi_class=ovr)' failed and error score 0.0 has been returned instead. If this is a custom metric, this usually means that the error is in the metric code. Full exception below:
Traceback (most recent call last):
  File "C:\Users\vbravo\Downloads\EFinal_Taller4_ValeriaBravo\venv\lib\site-packages\sklearn\metrics\_scorer.py", line 76, in _cached_call
    return cache[method]
KeyError: 'predict_proba'

During handling of the above exception, another exception occurred:

Traceback (most recent call last):
  File "C:\Users\vbravo\Downloads\EFinal_Taller4_ValeriaBravo\venv\lib\site-packages\pycaret\internal\metrics.py", line 130, in _score
    return super()._score(
  File "C:\Users\vbravo\Downloads\EFinal_Taller4_ValeriaBravo\venv\lib\site-packages\sklearn\metrics\_scorer.py", line 316, in _score
    y_pred = method_caller(clf, "predict_proba", X)
  File "C:\Users\vbravo\Downloads\EFinal_Taller4_ValeriaBravo\venv\lib\site-packages\sklearn\metrics\_scorer.py", line 78, in _cached_call
    result = getattr(estimator, method)(*args, **kwargs)
  File "C:\Users\vbravo\Downloads\EFinal_Taller4_ValeriaBravo\venv\lib\site-packages\pycaret\internal\pipeline.py", line 121, in __getattr__
    return getattr(self._final_estimator, name)
  File "C:\Users\vbravo\Downloads\EFinal_Taller4_ValeriaBravo\venv\lib\site-packages\sklearn\utils\_available_if.py", line 32, in __get__
    if not self.check(obj):
  File "C:\Users\vbravo\Downloads\EFinal_Taller4_ValeriaBravo\venv\lib\site-packages\sklearn\linear_model\_stochastic_gradient.py", line 1235, in _check_proba
    raise AttributeError(
AttributeError: probability estimates are not available for loss='hinge'

  warnings.warn(

2025-11-23 09:34:28,743:WARNING:C:\Users\vbravo\Downloads\EFinal_Taller4_ValeriaBravo\venv\lib\site-packages\pycaret\internal\metrics.py:138: FitFailedWarning: Metric 'make_scorer(roc_auc_score, needs_proba=True, error_score=0.0, average=weighted, multi_class=ovr)' failed and error score 0.0 has been returned instead. If this is a custom metric, this usually means that the error is in the metric code. Full exception below:
Traceback (most recent call last):
  File "C:\Users\vbravo\Downloads\EFinal_Taller4_ValeriaBravo\venv\lib\site-packages\sklearn\metrics\_scorer.py", line 76, in _cached_call
    return cache[method]
KeyError: 'predict_proba'

During handling of the above exception, another exception occurred:

Traceback (most recent call last):
  File "C:\Users\vbravo\Downloads\EFinal_Taller4_ValeriaBravo\venv\lib\site-packages\pycaret\internal\metrics.py", line 130, in _score
    return super()._score(
  File "C:\Users\vbravo\Downloads\EFinal_Taller4_ValeriaBravo\venv\lib\site-packages\sklearn\metrics\_scorer.py", line 316, in _score
    y_pred = method_caller(clf, "predict_proba", X)
  File "C:\Users\vbravo\Downloads\EFinal_Taller4_ValeriaBravo\venv\lib\site-packages\sklearn\metrics\_scorer.py", line 78, in _cached_call
    result = getattr(estimator, method)(*args, **kwargs)
  File "C:\Users\vbravo\Downloads\EFinal_Taller4_ValeriaBravo\venv\lib\site-packages\pycaret\internal\pipeline.py", line 121, in __getattr__
    return getattr(self._final_estimator, name)
  File "C:\Users\vbravo\Downloads\EFinal_Taller4_ValeriaBravo\venv\lib\site-packages\sklearn\utils\_available_if.py", line 32, in __get__
    if not self.check(obj):
  File "C:\Users\vbravo\Downloads\EFinal_Taller4_ValeriaBravo\venv\lib\site-packages\sklearn\linear_model\_stochastic_gradient.py", line 1235, in _check_proba
    raise AttributeError(
AttributeError: probability estimates are not available for loss='hinge'

  warnings.warn(

2025-11-23 09:34:28,756:WARNING:C:\Users\vbravo\Downloads\EFinal_Taller4_ValeriaBravo\venv\lib\site-packages\pycaret\internal\metrics.py:138: FitFailedWarning: Metric 'make_scorer(roc_auc_score, needs_proba=True, error_score=0.0, average=weighted, multi_class=ovr)' failed and error score 0.0 has been returned instead. If this is a custom metric, this usually means that the error is in the metric code. Full exception below:
Traceback (most recent call last):
  File "C:\Users\vbravo\Downloads\EFinal_Taller4_ValeriaBravo\venv\lib\site-packages\sklearn\metrics\_scorer.py", line 76, in _cached_call
    return cache[method]
KeyError: 'predict_proba'

During handling of the above exception, another exception occurred:

Traceback (most recent call last):
  File "C:\Users\vbravo\Downloads\EFinal_Taller4_ValeriaBravo\venv\lib\site-packages\pycaret\internal\metrics.py", line 130, in _score
    return super()._score(
  File "C:\Users\vbravo\Downloads\EFinal_Taller4_ValeriaBravo\venv\lib\site-packages\sklearn\metrics\_scorer.py", line 316, in _score
    y_pred = method_caller(clf, "predict_proba", X)
  File "C:\Users\vbravo\Downloads\EFinal_Taller4_ValeriaBravo\venv\lib\site-packages\sklearn\metrics\_scorer.py", line 78, in _cached_call
    result = getattr(estimator, method)(*args, **kwargs)
  File "C:\Users\vbravo\Downloads\EFinal_Taller4_ValeriaBravo\venv\lib\site-packages\pycaret\internal\pipeline.py", line 121, in __getattr__
    return getattr(self._final_estimator, name)
  File "C:\Users\vbravo\Downloads\EFinal_Taller4_ValeriaBravo\venv\lib\site-packages\sklearn\utils\_available_if.py", line 32, in __get__
    if not self.check(obj):
  File "C:\Users\vbravo\Downloads\EFinal_Taller4_ValeriaBravo\venv\lib\site-packages\sklearn\linear_model\_stochastic_gradient.py", line 1235, in _check_proba
    raise AttributeError(
AttributeError: probability estimates are not available for loss='hinge'

  warnings.warn(

2025-11-23 09:34:28,791:INFO:Calculating mean and std
2025-11-23 09:34:28,793:INFO:Creating metrics dataframe
2025-11-23 09:34:28,803:INFO:Uploading results into container
2025-11-23 09:34:28,805:INFO:Uploading model into container now
2025-11-23 09:34:28,806:INFO:_master_model_container: 5
2025-11-23 09:34:28,806:INFO:_display_container: 2
2025-11-23 09:34:28,807:INFO:SGDClassifier(alpha=0.0001, average=False, class_weight=None,
              early_stopping=False, epsilon=0.1, eta0=0.001, fit_intercept=True,
              l1_ratio=0.15, learning_rate='optimal', loss='hinge',
              max_iter=1000, n_iter_no_change=5, n_jobs=-1, penalty='l2',
              power_t=0.5, random_state=123, shuffle=True, tol=0.001,
              validation_fraction=0.1, verbose=0, warm_start=False)
2025-11-23 09:34:28,807:INFO:create_model() successfully completed......................................
2025-11-23 09:34:28,934:INFO:SubProcess create_model() end ==================================
2025-11-23 09:34:28,934:INFO:Creating metrics dataframe
2025-11-23 09:34:28,943:INFO:Initializing Ridge Classifier
2025-11-23 09:34:28,943:INFO:Total runtime is 0.5103464881579082 minutes
2025-11-23 09:34:28,944:INFO:SubProcess create_model() called ==================================
2025-11-23 09:34:28,944:INFO:Initializing create_model()
2025-11-23 09:34:28,944:INFO:create_model(self=<pycaret.classification.oop.ClassificationExperiment object at 0x0000022115D8BF70>, estimator=ridge, fold=StratifiedKFold(n_splits=10, random_state=None, shuffle=False), round=4, cross_validation=True, predict=True, fit_kwargs={}, groups=None, refit=False, probability_threshold=None, experiment_custom_tags=None, verbose=False, system=False, add_to_model_list=True, metrics=None, display=<pycaret.internal.display.display.CommonDisplay object at 0x0000022159A63CA0>, model_only=True, return_train_score=False, kwargs={})
2025-11-23 09:34:28,944:INFO:Checking exceptions
2025-11-23 09:34:28,944:INFO:Importing libraries
2025-11-23 09:34:28,944:INFO:Copying training dataset
2025-11-23 09:34:28,949:INFO:Defining folds
2025-11-23 09:34:28,950:INFO:Declaring metric variables
2025-11-23 09:34:28,951:INFO:Importing untrained model
2025-11-23 09:34:28,952:INFO:Ridge Classifier Imported successfully
2025-11-23 09:34:28,952:INFO:Starting cross validation
2025-11-23 09:34:28,953:INFO:Cross validating with StratifiedKFold(n_splits=10, random_state=None, shuffle=False), n_jobs=-1
2025-11-23 09:34:29,118:WARNING:C:\Users\vbravo\Downloads\EFinal_Taller4_ValeriaBravo\venv\lib\site-packages\pycaret\internal\metrics.py:138: FitFailedWarning: Metric 'make_scorer(roc_auc_score, needs_proba=True, error_score=0.0, average=weighted, multi_class=ovr)' failed and error score 0.0 has been returned instead. If this is a custom metric, this usually means that the error is in the metric code. Full exception below:
Traceback (most recent call last):
  File "C:\Users\vbravo\Downloads\EFinal_Taller4_ValeriaBravo\venv\lib\site-packages\sklearn\metrics\_scorer.py", line 76, in _cached_call
    return cache[method]
KeyError: 'predict_proba'

During handling of the above exception, another exception occurred:

Traceback (most recent call last):
  File "C:\Users\vbravo\Downloads\EFinal_Taller4_ValeriaBravo\venv\lib\site-packages\pycaret\internal\metrics.py", line 130, in _score
    return super()._score(
  File "C:\Users\vbravo\Downloads\EFinal_Taller4_ValeriaBravo\venv\lib\site-packages\sklearn\metrics\_scorer.py", line 316, in _score
    y_pred = method_caller(clf, "predict_proba", X)
  File "C:\Users\vbravo\Downloads\EFinal_Taller4_ValeriaBravo\venv\lib\site-packages\sklearn\metrics\_scorer.py", line 78, in _cached_call
    result = getattr(estimator, method)(*args, **kwargs)
  File "C:\Users\vbravo\Downloads\EFinal_Taller4_ValeriaBravo\venv\lib\site-packages\pycaret\internal\pipeline.py", line 121, in __getattr__
    return getattr(self._final_estimator, name)
AttributeError: 'RidgeClassifier' object has no attribute 'predict_proba'

  warnings.warn(

2025-11-23 09:34:29,124:WARNING:C:\Users\vbravo\Downloads\EFinal_Taller4_ValeriaBravo\venv\lib\site-packages\pycaret\internal\metrics.py:138: FitFailedWarning: Metric 'make_scorer(roc_auc_score, needs_proba=True, error_score=0.0, average=weighted, multi_class=ovr)' failed and error score 0.0 has been returned instead. If this is a custom metric, this usually means that the error is in the metric code. Full exception below:
Traceback (most recent call last):
  File "C:\Users\vbravo\Downloads\EFinal_Taller4_ValeriaBravo\venv\lib\site-packages\sklearn\metrics\_scorer.py", line 76, in _cached_call
    return cache[method]
KeyError: 'predict_proba'

During handling of the above exception, another exception occurred:

Traceback (most recent call last):
  File "C:\Users\vbravo\Downloads\EFinal_Taller4_ValeriaBravo\venv\lib\site-packages\pycaret\internal\metrics.py", line 130, in _score
    return super()._score(
  File "C:\Users\vbravo\Downloads\EFinal_Taller4_ValeriaBravo\venv\lib\site-packages\sklearn\metrics\_scorer.py", line 316, in _score
    y_pred = method_caller(clf, "predict_proba", X)
  File "C:\Users\vbravo\Downloads\EFinal_Taller4_ValeriaBravo\venv\lib\site-packages\sklearn\metrics\_scorer.py", line 78, in _cached_call
    result = getattr(estimator, method)(*args, **kwargs)
  File "C:\Users\vbravo\Downloads\EFinal_Taller4_ValeriaBravo\venv\lib\site-packages\pycaret\internal\pipeline.py", line 121, in __getattr__
    return getattr(self._final_estimator, name)
AttributeError: 'RidgeClassifier' object has no attribute 'predict_proba'

  warnings.warn(

2025-11-23 09:34:29,124:WARNING:C:\Users\vbravo\Downloads\EFinal_Taller4_ValeriaBravo\venv\lib\site-packages\pycaret\internal\metrics.py:138: FitFailedWarning: Metric 'make_scorer(roc_auc_score, needs_proba=True, error_score=0.0, average=weighted, multi_class=ovr)' failed and error score 0.0 has been returned instead. If this is a custom metric, this usually means that the error is in the metric code. Full exception below:
Traceback (most recent call last):
  File "C:\Users\vbravo\Downloads\EFinal_Taller4_ValeriaBravo\venv\lib\site-packages\sklearn\metrics\_scorer.py", line 76, in _cached_call
    return cache[method]
KeyError: 'predict_proba'

During handling of the above exception, another exception occurred:

Traceback (most recent call last):
  File "C:\Users\vbravo\Downloads\EFinal_Taller4_ValeriaBravo\venv\lib\site-packages\pycaret\internal\metrics.py", line 130, in _score
    return super()._score(
  File "C:\Users\vbravo\Downloads\EFinal_Taller4_ValeriaBravo\venv\lib\site-packages\sklearn\metrics\_scorer.py", line 316, in _score
    y_pred = method_caller(clf, "predict_proba", X)
  File "C:\Users\vbravo\Downloads\EFinal_Taller4_ValeriaBravo\venv\lib\site-packages\sklearn\metrics\_scorer.py", line 78, in _cached_call
    result = getattr(estimator, method)(*args, **kwargs)
  File "C:\Users\vbravo\Downloads\EFinal_Taller4_ValeriaBravo\venv\lib\site-packages\pycaret\internal\pipeline.py", line 121, in __getattr__
    return getattr(self._final_estimator, name)
AttributeError: 'RidgeClassifier' object has no attribute 'predict_proba'

  warnings.warn(

2025-11-23 09:34:29,128:WARNING:C:\Users\vbravo\Downloads\EFinal_Taller4_ValeriaBravo\venv\lib\site-packages\pycaret\internal\metrics.py:138: FitFailedWarning: Metric 'make_scorer(roc_auc_score, needs_proba=True, error_score=0.0, average=weighted, multi_class=ovr)' failed and error score 0.0 has been returned instead. If this is a custom metric, this usually means that the error is in the metric code. Full exception below:
Traceback (most recent call last):
  File "C:\Users\vbravo\Downloads\EFinal_Taller4_ValeriaBravo\venv\lib\site-packages\sklearn\metrics\_scorer.py", line 76, in _cached_call
    return cache[method]
KeyError: 'predict_proba'

During handling of the above exception, another exception occurred:

Traceback (most recent call last):
  File "C:\Users\vbravo\Downloads\EFinal_Taller4_ValeriaBravo\venv\lib\site-packages\pycaret\internal\metrics.py", line 130, in _score
    return super()._score(
  File "C:\Users\vbravo\Downloads\EFinal_Taller4_ValeriaBravo\venv\lib\site-packages\sklearn\metrics\_scorer.py", line 316, in _score
    y_pred = method_caller(clf, "predict_proba", X)
  File "C:\Users\vbravo\Downloads\EFinal_Taller4_ValeriaBravo\venv\lib\site-packages\sklearn\metrics\_scorer.py", line 78, in _cached_call
    result = getattr(estimator, method)(*args, **kwargs)
  File "C:\Users\vbravo\Downloads\EFinal_Taller4_ValeriaBravo\venv\lib\site-packages\pycaret\internal\pipeline.py", line 121, in __getattr__
    return getattr(self._final_estimator, name)
AttributeError: 'RidgeClassifier' object has no attribute 'predict_proba'

  warnings.warn(

2025-11-23 09:34:29,129:WARNING:C:\Users\vbravo\Downloads\EFinal_Taller4_ValeriaBravo\venv\lib\site-packages\pycaret\internal\metrics.py:138: FitFailedWarning: Metric 'make_scorer(roc_auc_score, needs_proba=True, error_score=0.0, average=weighted, multi_class=ovr)' failed and error score 0.0 has been returned instead. If this is a custom metric, this usually means that the error is in the metric code. Full exception below:
Traceback (most recent call last):
  File "C:\Users\vbravo\Downloads\EFinal_Taller4_ValeriaBravo\venv\lib\site-packages\sklearn\metrics\_scorer.py", line 76, in _cached_call
    return cache[method]
KeyError: 'predict_proba'

During handling of the above exception, another exception occurred:

Traceback (most recent call last):
  File "C:\Users\vbravo\Downloads\EFinal_Taller4_ValeriaBravo\venv\lib\site-packages\pycaret\internal\metrics.py", line 130, in _score
    return super()._score(
  File "C:\Users\vbravo\Downloads\EFinal_Taller4_ValeriaBravo\venv\lib\site-packages\sklearn\metrics\_scorer.py", line 316, in _score
    y_pred = method_caller(clf, "predict_proba", X)
  File "C:\Users\vbravo\Downloads\EFinal_Taller4_ValeriaBravo\venv\lib\site-packages\sklearn\metrics\_scorer.py", line 78, in _cached_call
    result = getattr(estimator, method)(*args, **kwargs)
  File "C:\Users\vbravo\Downloads\EFinal_Taller4_ValeriaBravo\venv\lib\site-packages\pycaret\internal\pipeline.py", line 121, in __getattr__
    return getattr(self._final_estimator, name)
AttributeError: 'RidgeClassifier' object has no attribute 'predict_proba'

  warnings.warn(

2025-11-23 09:34:29,129:WARNING:C:\Users\vbravo\Downloads\EFinal_Taller4_ValeriaBravo\venv\lib\site-packages\pycaret\internal\metrics.py:138: FitFailedWarning: Metric 'make_scorer(roc_auc_score, needs_proba=True, error_score=0.0, average=weighted, multi_class=ovr)' failed and error score 0.0 has been returned instead. If this is a custom metric, this usually means that the error is in the metric code. Full exception below:
Traceback (most recent call last):
  File "C:\Users\vbravo\Downloads\EFinal_Taller4_ValeriaBravo\venv\lib\site-packages\sklearn\metrics\_scorer.py", line 76, in _cached_call
    return cache[method]
KeyError: 'predict_proba'

During handling of the above exception, another exception occurred:

Traceback (most recent call last):
  File "C:\Users\vbravo\Downloads\EFinal_Taller4_ValeriaBravo\venv\lib\site-packages\pycaret\internal\metrics.py", line 130, in _score
    return super()._score(
  File "C:\Users\vbravo\Downloads\EFinal_Taller4_ValeriaBravo\venv\lib\site-packages\sklearn\metrics\_scorer.py", line 316, in _score
    y_pred = method_caller(clf, "predict_proba", X)
  File "C:\Users\vbravo\Downloads\EFinal_Taller4_ValeriaBravo\venv\lib\site-packages\sklearn\metrics\_scorer.py", line 78, in _cached_call
    result = getattr(estimator, method)(*args, **kwargs)
  File "C:\Users\vbravo\Downloads\EFinal_Taller4_ValeriaBravo\venv\lib\site-packages\pycaret\internal\pipeline.py", line 121, in __getattr__
    return getattr(self._final_estimator, name)
AttributeError: 'RidgeClassifier' object has no attribute 'predict_proba'

  warnings.warn(

2025-11-23 09:34:29,129:WARNING:C:\Users\vbravo\Downloads\EFinal_Taller4_ValeriaBravo\venv\lib\site-packages\pycaret\internal\metrics.py:138: FitFailedWarning: Metric 'make_scorer(roc_auc_score, needs_proba=True, error_score=0.0, average=weighted, multi_class=ovr)' failed and error score 0.0 has been returned instead. If this is a custom metric, this usually means that the error is in the metric code. Full exception below:
Traceback (most recent call last):
  File "C:\Users\vbravo\Downloads\EFinal_Taller4_ValeriaBravo\venv\lib\site-packages\sklearn\metrics\_scorer.py", line 76, in _cached_call
    return cache[method]
KeyError: 'predict_proba'

During handling of the above exception, another exception occurred:

Traceback (most recent call last):
  File "C:\Users\vbravo\Downloads\EFinal_Taller4_ValeriaBravo\venv\lib\site-packages\pycaret\internal\metrics.py", line 130, in _score
    return super()._score(
  File "C:\Users\vbravo\Downloads\EFinal_Taller4_ValeriaBravo\venv\lib\site-packages\sklearn\metrics\_scorer.py", line 316, in _score
    y_pred = method_caller(clf, "predict_proba", X)
  File "C:\Users\vbravo\Downloads\EFinal_Taller4_ValeriaBravo\venv\lib\site-packages\sklearn\metrics\_scorer.py", line 78, in _cached_call
    result = getattr(estimator, method)(*args, **kwargs)
  File "C:\Users\vbravo\Downloads\EFinal_Taller4_ValeriaBravo\venv\lib\site-packages\pycaret\internal\pipeline.py", line 121, in __getattr__
    return getattr(self._final_estimator, name)
AttributeError: 'RidgeClassifier' object has no attribute 'predict_proba'

  warnings.warn(

2025-11-23 09:34:29,130:WARNING:C:\Users\vbravo\Downloads\EFinal_Taller4_ValeriaBravo\venv\lib\site-packages\pycaret\internal\metrics.py:138: FitFailedWarning: Metric 'make_scorer(roc_auc_score, needs_proba=True, error_score=0.0, average=weighted, multi_class=ovr)' failed and error score 0.0 has been returned instead. If this is a custom metric, this usually means that the error is in the metric code. Full exception below:
Traceback (most recent call last):
  File "C:\Users\vbravo\Downloads\EFinal_Taller4_ValeriaBravo\venv\lib\site-packages\sklearn\metrics\_scorer.py", line 76, in _cached_call
    return cache[method]
KeyError: 'predict_proba'

During handling of the above exception, another exception occurred:

Traceback (most recent call last):
  File "C:\Users\vbravo\Downloads\EFinal_Taller4_ValeriaBravo\venv\lib\site-packages\pycaret\internal\metrics.py", line 130, in _score
    return super()._score(
  File "C:\Users\vbravo\Downloads\EFinal_Taller4_ValeriaBravo\venv\lib\site-packages\sklearn\metrics\_scorer.py", line 316, in _score
    y_pred = method_caller(clf, "predict_proba", X)
  File "C:\Users\vbravo\Downloads\EFinal_Taller4_ValeriaBravo\venv\lib\site-packages\sklearn\metrics\_scorer.py", line 78, in _cached_call
    result = getattr(estimator, method)(*args, **kwargs)
  File "C:\Users\vbravo\Downloads\EFinal_Taller4_ValeriaBravo\venv\lib\site-packages\pycaret\internal\pipeline.py", line 121, in __getattr__
    return getattr(self._final_estimator, name)
AttributeError: 'RidgeClassifier' object has no attribute 'predict_proba'

  warnings.warn(

2025-11-23 09:34:29,139:WARNING:C:\Users\vbravo\Downloads\EFinal_Taller4_ValeriaBravo\venv\lib\site-packages\pycaret\internal\metrics.py:138: FitFailedWarning: Metric 'make_scorer(roc_auc_score, needs_proba=True, error_score=0.0, average=weighted, multi_class=ovr)' failed and error score 0.0 has been returned instead. If this is a custom metric, this usually means that the error is in the metric code. Full exception below:
Traceback (most recent call last):
  File "C:\Users\vbravo\Downloads\EFinal_Taller4_ValeriaBravo\venv\lib\site-packages\sklearn\metrics\_scorer.py", line 76, in _cached_call
    return cache[method]
KeyError: 'predict_proba'

During handling of the above exception, another exception occurred:

Traceback (most recent call last):
  File "C:\Users\vbravo\Downloads\EFinal_Taller4_ValeriaBravo\venv\lib\site-packages\pycaret\internal\metrics.py", line 130, in _score
    return super()._score(
  File "C:\Users\vbravo\Downloads\EFinal_Taller4_ValeriaBravo\venv\lib\site-packages\sklearn\metrics\_scorer.py", line 316, in _score
    y_pred = method_caller(clf, "predict_proba", X)
  File "C:\Users\vbravo\Downloads\EFinal_Taller4_ValeriaBravo\venv\lib\site-packages\sklearn\metrics\_scorer.py", line 78, in _cached_call
    result = getattr(estimator, method)(*args, **kwargs)
  File "C:\Users\vbravo\Downloads\EFinal_Taller4_ValeriaBravo\venv\lib\site-packages\pycaret\internal\pipeline.py", line 121, in __getattr__
    return getattr(self._final_estimator, name)
AttributeError: 'RidgeClassifier' object has no attribute 'predict_proba'

  warnings.warn(

2025-11-23 09:34:29,201:INFO:Calculating mean and std
2025-11-23 09:34:29,203:INFO:Creating metrics dataframe
2025-11-23 09:34:29,213:INFO:Uploading results into container
2025-11-23 09:34:29,214:INFO:Uploading model into container now
2025-11-23 09:34:29,214:INFO:_master_model_container: 6
2025-11-23 09:34:29,214:INFO:_display_container: 2
2025-11-23 09:34:29,215:INFO:RidgeClassifier(alpha=1.0, class_weight=None, copy_X=True, fit_intercept=True,
                max_iter=None, positive=False, random_state=123, solver='auto',
                tol=0.0001)
2025-11-23 09:34:29,215:INFO:create_model() successfully completed......................................
2025-11-23 09:34:29,350:INFO:SubProcess create_model() end ==================================
2025-11-23 09:34:29,352:INFO:Creating metrics dataframe
2025-11-23 09:34:29,361:INFO:Initializing Random Forest Classifier
2025-11-23 09:34:29,361:INFO:Total runtime is 0.5173103650410971 minutes
2025-11-23 09:34:29,361:INFO:SubProcess create_model() called ==================================
2025-11-23 09:34:29,362:INFO:Initializing create_model()
2025-11-23 09:34:29,362:INFO:create_model(self=<pycaret.classification.oop.ClassificationExperiment object at 0x0000022115D8BF70>, estimator=rf, fold=StratifiedKFold(n_splits=10, random_state=None, shuffle=False), round=4, cross_validation=True, predict=True, fit_kwargs={}, groups=None, refit=False, probability_threshold=None, experiment_custom_tags=None, verbose=False, system=False, add_to_model_list=True, metrics=None, display=<pycaret.internal.display.display.CommonDisplay object at 0x0000022159A63CA0>, model_only=True, return_train_score=False, kwargs={})
2025-11-23 09:34:29,362:INFO:Checking exceptions
2025-11-23 09:34:29,362:INFO:Importing libraries
2025-11-23 09:34:29,363:INFO:Copying training dataset
2025-11-23 09:34:29,368:INFO:Defining folds
2025-11-23 09:34:29,368:INFO:Declaring metric variables
2025-11-23 09:34:29,369:INFO:Importing untrained model
2025-11-23 09:34:29,370:INFO:Random Forest Classifier Imported successfully
2025-11-23 09:34:29,371:INFO:Starting cross validation
2025-11-23 09:34:29,373:INFO:Cross validating with StratifiedKFold(n_splits=10, random_state=None, shuffle=False), n_jobs=-1
2025-11-23 09:34:30,357:INFO:Calculating mean and std
2025-11-23 09:34:30,358:INFO:Creating metrics dataframe
2025-11-23 09:34:30,372:INFO:Uploading results into container
2025-11-23 09:34:30,373:INFO:Uploading model into container now
2025-11-23 09:34:30,374:INFO:_master_model_container: 7
2025-11-23 09:34:30,374:INFO:_display_container: 2
2025-11-23 09:34:30,375:INFO:RandomForestClassifier(bootstrap=True, ccp_alpha=0.0, class_weight=None,
                       criterion='gini', max_depth=None, max_features='sqrt',
                       max_leaf_nodes=None, max_samples=None,
                       min_impurity_decrease=0.0, min_samples_leaf=1,
                       min_samples_split=2, min_weight_fraction_leaf=0.0,
                       n_estimators=100, n_jobs=-1, oob_score=False,
                       random_state=123, verbose=0, warm_start=False)
2025-11-23 09:34:30,375:INFO:create_model() successfully completed......................................
2025-11-23 09:34:30,503:INFO:SubProcess create_model() end ==================================
2025-11-23 09:34:30,503:INFO:Creating metrics dataframe
2025-11-23 09:34:30,512:INFO:Initializing Quadratic Discriminant Analysis
2025-11-23 09:34:30,512:INFO:Total runtime is 0.5365032076835633 minutes
2025-11-23 09:34:30,512:INFO:SubProcess create_model() called ==================================
2025-11-23 09:34:30,513:INFO:Initializing create_model()
2025-11-23 09:34:30,513:INFO:create_model(self=<pycaret.classification.oop.ClassificationExperiment object at 0x0000022115D8BF70>, estimator=qda, fold=StratifiedKFold(n_splits=10, random_state=None, shuffle=False), round=4, cross_validation=True, predict=True, fit_kwargs={}, groups=None, refit=False, probability_threshold=None, experiment_custom_tags=None, verbose=False, system=False, add_to_model_list=True, metrics=None, display=<pycaret.internal.display.display.CommonDisplay object at 0x0000022159A63CA0>, model_only=True, return_train_score=False, kwargs={})
2025-11-23 09:34:30,513:INFO:Checking exceptions
2025-11-23 09:34:30,513:INFO:Importing libraries
2025-11-23 09:34:30,513:INFO:Copying training dataset
2025-11-23 09:34:30,517:INFO:Defining folds
2025-11-23 09:34:30,518:INFO:Declaring metric variables
2025-11-23 09:34:30,518:INFO:Importing untrained model
2025-11-23 09:34:30,518:INFO:Quadratic Discriminant Analysis Imported successfully
2025-11-23 09:34:30,519:INFO:Starting cross validation
2025-11-23 09:34:30,519:INFO:Cross validating with StratifiedKFold(n_splits=10, random_state=None, shuffle=False), n_jobs=-1
2025-11-23 09:34:30,631:WARNING:C:\Users\vbravo\Downloads\EFinal_Taller4_ValeriaBravo\venv\lib\site-packages\sklearn\discriminant_analysis.py:926: UserWarning: Variables are collinear
  warnings.warn("Variables are collinear")

2025-11-23 09:34:30,632:WARNING:C:\Users\vbravo\Downloads\EFinal_Taller4_ValeriaBravo\venv\lib\site-packages\sklearn\discriminant_analysis.py:926: UserWarning: Variables are collinear
  warnings.warn("Variables are collinear")

2025-11-23 09:34:30,633:WARNING:C:\Users\vbravo\Downloads\EFinal_Taller4_ValeriaBravo\venv\lib\site-packages\sklearn\discriminant_analysis.py:926: UserWarning: Variables are collinear
  warnings.warn("Variables are collinear")

2025-11-23 09:34:30,636:WARNING:C:\Users\vbravo\Downloads\EFinal_Taller4_ValeriaBravo\venv\lib\site-packages\sklearn\discriminant_analysis.py:926: UserWarning: Variables are collinear
  warnings.warn("Variables are collinear")

2025-11-23 09:34:30,637:WARNING:C:\Users\vbravo\Downloads\EFinal_Taller4_ValeriaBravo\venv\lib\site-packages\sklearn\discriminant_analysis.py:926: UserWarning: Variables are collinear
  warnings.warn("Variables are collinear")

2025-11-23 09:34:30,642:WARNING:C:\Users\vbravo\Downloads\EFinal_Taller4_ValeriaBravo\venv\lib\site-packages\sklearn\discriminant_analysis.py:926: UserWarning: Variables are collinear
  warnings.warn("Variables are collinear")

2025-11-23 09:34:30,656:WARNING:C:\Users\vbravo\Downloads\EFinal_Taller4_ValeriaBravo\venv\lib\site-packages\sklearn\discriminant_analysis.py:926: UserWarning: Variables are collinear
  warnings.warn("Variables are collinear")

2025-11-23 09:34:30,661:WARNING:C:\Users\vbravo\Downloads\EFinal_Taller4_ValeriaBravo\venv\lib\site-packages\sklearn\discriminant_analysis.py:926: UserWarning: Variables are collinear
  warnings.warn("Variables are collinear")

2025-11-23 09:34:30,837:INFO:Calculating mean and std
2025-11-23 09:34:30,839:INFO:Creating metrics dataframe
2025-11-23 09:34:30,861:INFO:Uploading results into container
2025-11-23 09:34:30,862:INFO:Uploading model into container now
2025-11-23 09:34:30,862:INFO:_master_model_container: 8
2025-11-23 09:34:30,862:INFO:_display_container: 2
2025-11-23 09:34:30,863:INFO:QuadraticDiscriminantAnalysis(priors=None, reg_param=0.0,
                              store_covariance=False, tol=0.0001)
2025-11-23 09:34:30,863:INFO:create_model() successfully completed......................................
2025-11-23 09:34:31,011:INFO:SubProcess create_model() end ==================================
2025-11-23 09:34:31,012:INFO:Creating metrics dataframe
2025-11-23 09:34:31,021:INFO:Initializing Ada Boost Classifier
2025-11-23 09:34:31,022:INFO:Total runtime is 0.5450053373972575 minutes
2025-11-23 09:34:31,022:INFO:SubProcess create_model() called ==================================
2025-11-23 09:34:31,023:INFO:Initializing create_model()
2025-11-23 09:34:31,023:INFO:create_model(self=<pycaret.classification.oop.ClassificationExperiment object at 0x0000022115D8BF70>, estimator=ada, fold=StratifiedKFold(n_splits=10, random_state=None, shuffle=False), round=4, cross_validation=True, predict=True, fit_kwargs={}, groups=None, refit=False, probability_threshold=None, experiment_custom_tags=None, verbose=False, system=False, add_to_model_list=True, metrics=None, display=<pycaret.internal.display.display.CommonDisplay object at 0x0000022159A63CA0>, model_only=True, return_train_score=False, kwargs={})
2025-11-23 09:34:31,023:INFO:Checking exceptions
2025-11-23 09:34:31,024:INFO:Importing libraries
2025-11-23 09:34:31,024:INFO:Copying training dataset
2025-11-23 09:34:31,030:INFO:Defining folds
2025-11-23 09:34:31,030:INFO:Declaring metric variables
2025-11-23 09:34:31,031:INFO:Importing untrained model
2025-11-23 09:34:31,031:INFO:Ada Boost Classifier Imported successfully
2025-11-23 09:34:31,032:INFO:Starting cross validation
2025-11-23 09:34:31,033:INFO:Cross validating with StratifiedKFold(n_splits=10, random_state=None, shuffle=False), n_jobs=-1
2025-11-23 09:34:31,560:INFO:Calculating mean and std
2025-11-23 09:34:31,561:INFO:Creating metrics dataframe
2025-11-23 09:34:31,580:INFO:Uploading results into container
2025-11-23 09:34:31,581:INFO:Uploading model into container now
2025-11-23 09:34:31,582:INFO:_master_model_container: 9
2025-11-23 09:34:31,582:INFO:_display_container: 2
2025-11-23 09:34:31,582:INFO:AdaBoostClassifier(algorithm='SAMME.R', base_estimator='deprecated',
                   estimator=None, learning_rate=1.0, n_estimators=50,
                   random_state=123)
2025-11-23 09:34:31,582:INFO:create_model() successfully completed......................................
2025-11-23 09:34:31,718:INFO:SubProcess create_model() end ==================================
2025-11-23 09:34:31,718:INFO:Creating metrics dataframe
2025-11-23 09:34:31,728:INFO:Initializing Gradient Boosting Classifier
2025-11-23 09:34:31,728:INFO:Total runtime is 0.5567702571551005 minutes
2025-11-23 09:34:31,729:INFO:SubProcess create_model() called ==================================
2025-11-23 09:34:31,729:INFO:Initializing create_model()
2025-11-23 09:34:31,729:INFO:create_model(self=<pycaret.classification.oop.ClassificationExperiment object at 0x0000022115D8BF70>, estimator=gbc, fold=StratifiedKFold(n_splits=10, random_state=None, shuffle=False), round=4, cross_validation=True, predict=True, fit_kwargs={}, groups=None, refit=False, probability_threshold=None, experiment_custom_tags=None, verbose=False, system=False, add_to_model_list=True, metrics=None, display=<pycaret.internal.display.display.CommonDisplay object at 0x0000022159A63CA0>, model_only=True, return_train_score=False, kwargs={})
2025-11-23 09:34:31,729:INFO:Checking exceptions
2025-11-23 09:34:31,729:INFO:Importing libraries
2025-11-23 09:34:31,730:INFO:Copying training dataset
2025-11-23 09:34:31,734:INFO:Defining folds
2025-11-23 09:34:31,734:INFO:Declaring metric variables
2025-11-23 09:34:31,734:INFO:Importing untrained model
2025-11-23 09:34:31,735:INFO:Gradient Boosting Classifier Imported successfully
2025-11-23 09:34:31,736:INFO:Starting cross validation
2025-11-23 09:34:31,737:INFO:Cross validating with StratifiedKFold(n_splits=10, random_state=None, shuffle=False), n_jobs=-1
2025-11-23 09:34:32,479:INFO:Calculating mean and std
2025-11-23 09:34:32,481:INFO:Creating metrics dataframe
2025-11-23 09:34:32,515:INFO:Uploading results into container
2025-11-23 09:34:32,516:INFO:Uploading model into container now
2025-11-23 09:34:32,517:INFO:_master_model_container: 10
2025-11-23 09:34:32,517:INFO:_display_container: 2
2025-11-23 09:34:32,517:INFO:GradientBoostingClassifier(ccp_alpha=0.0, criterion='friedman_mse', init=None,
                           learning_rate=0.1, loss='log_loss', max_depth=3,
                           max_features=None, max_leaf_nodes=None,
                           min_impurity_decrease=0.0, min_samples_leaf=1,
                           min_samples_split=2, min_weight_fraction_leaf=0.0,
                           n_estimators=100, n_iter_no_change=None,
                           random_state=123, subsample=1.0, tol=0.0001,
                           validation_fraction=0.1, verbose=0,
                           warm_start=False)
2025-11-23 09:34:32,517:INFO:create_model() successfully completed......................................
2025-11-23 09:34:32,648:INFO:SubProcess create_model() end ==================================
2025-11-23 09:34:32,649:INFO:Creating metrics dataframe
2025-11-23 09:34:32,659:INFO:Initializing Linear Discriminant Analysis
2025-11-23 09:34:32,660:INFO:Total runtime is 0.5723044832547506 minutes
2025-11-23 09:34:32,660:INFO:SubProcess create_model() called ==================================
2025-11-23 09:34:32,660:INFO:Initializing create_model()
2025-11-23 09:34:32,661:INFO:create_model(self=<pycaret.classification.oop.ClassificationExperiment object at 0x0000022115D8BF70>, estimator=lda, fold=StratifiedKFold(n_splits=10, random_state=None, shuffle=False), round=4, cross_validation=True, predict=True, fit_kwargs={}, groups=None, refit=False, probability_threshold=None, experiment_custom_tags=None, verbose=False, system=False, add_to_model_list=True, metrics=None, display=<pycaret.internal.display.display.CommonDisplay object at 0x0000022159A63CA0>, model_only=True, return_train_score=False, kwargs={})
2025-11-23 09:34:32,661:INFO:Checking exceptions
2025-11-23 09:34:32,661:INFO:Importing libraries
2025-11-23 09:34:32,661:INFO:Copying training dataset
2025-11-23 09:34:32,666:INFO:Defining folds
2025-11-23 09:34:32,666:INFO:Declaring metric variables
2025-11-23 09:34:32,667:INFO:Importing untrained model
2025-11-23 09:34:32,668:INFO:Linear Discriminant Analysis Imported successfully
2025-11-23 09:34:32,669:INFO:Starting cross validation
2025-11-23 09:34:32,670:INFO:Cross validating with StratifiedKFold(n_splits=10, random_state=None, shuffle=False), n_jobs=-1
2025-11-23 09:34:33,026:INFO:Calculating mean and std
2025-11-23 09:34:33,028:INFO:Creating metrics dataframe
2025-11-23 09:34:33,063:INFO:Uploading results into container
2025-11-23 09:34:33,065:INFO:Uploading model into container now
2025-11-23 09:34:33,066:INFO:_master_model_container: 11
2025-11-23 09:34:33,066:INFO:_display_container: 2
2025-11-23 09:34:33,066:INFO:LinearDiscriminantAnalysis(covariance_estimator=None, n_components=None,
                           priors=None, shrinkage=None, solver='svd',
                           store_covariance=False, tol=0.0001)
2025-11-23 09:34:33,066:INFO:create_model() successfully completed......................................
2025-11-23 09:34:33,178:INFO:SubProcess create_model() end ==================================
2025-11-23 09:34:33,178:INFO:Creating metrics dataframe
2025-11-23 09:34:33,187:INFO:Initializing Extra Trees Classifier
2025-11-23 09:34:33,188:INFO:Total runtime is 0.5810924927393596 minutes
2025-11-23 09:34:33,188:INFO:SubProcess create_model() called ==================================
2025-11-23 09:34:33,189:INFO:Initializing create_model()
2025-11-23 09:34:33,189:INFO:create_model(self=<pycaret.classification.oop.ClassificationExperiment object at 0x0000022115D8BF70>, estimator=et, fold=StratifiedKFold(n_splits=10, random_state=None, shuffle=False), round=4, cross_validation=True, predict=True, fit_kwargs={}, groups=None, refit=False, probability_threshold=None, experiment_custom_tags=None, verbose=False, system=False, add_to_model_list=True, metrics=None, display=<pycaret.internal.display.display.CommonDisplay object at 0x0000022159A63CA0>, model_only=True, return_train_score=False, kwargs={})
2025-11-23 09:34:33,189:INFO:Checking exceptions
2025-11-23 09:34:33,189:INFO:Importing libraries
2025-11-23 09:34:33,189:INFO:Copying training dataset
2025-11-23 09:34:33,193:INFO:Defining folds
2025-11-23 09:34:33,194:INFO:Declaring metric variables
2025-11-23 09:34:33,194:INFO:Importing untrained model
2025-11-23 09:34:33,195:INFO:Extra Trees Classifier Imported successfully
2025-11-23 09:34:33,195:INFO:Starting cross validation
2025-11-23 09:34:33,196:INFO:Cross validating with StratifiedKFold(n_splits=10, random_state=None, shuffle=False), n_jobs=-1
2025-11-23 09:34:34,231:INFO:Calculating mean and std
2025-11-23 09:34:34,232:INFO:Creating metrics dataframe
2025-11-23 09:34:34,273:INFO:Uploading results into container
2025-11-23 09:34:34,274:INFO:Uploading model into container now
2025-11-23 09:34:34,274:INFO:_master_model_container: 12
2025-11-23 09:34:34,274:INFO:_display_container: 2
2025-11-23 09:34:34,275:INFO:ExtraTreesClassifier(bootstrap=False, ccp_alpha=0.0, class_weight=None,
                     criterion='gini', max_depth=None, max_features='sqrt',
                     max_leaf_nodes=None, max_samples=None,
                     min_impurity_decrease=0.0, min_samples_leaf=1,
                     min_samples_split=2, min_weight_fraction_leaf=0.0,
                     n_estimators=100, n_jobs=-1, oob_score=False,
                     random_state=123, verbose=0, warm_start=False)
2025-11-23 09:34:34,275:INFO:create_model() successfully completed......................................
2025-11-23 09:34:34,406:INFO:SubProcess create_model() end ==================================
2025-11-23 09:34:34,407:INFO:Creating metrics dataframe
2025-11-23 09:34:34,417:INFO:Initializing Light Gradient Boosting Machine
2025-11-23 09:34:34,418:INFO:Total runtime is 0.6016058643658957 minutes
2025-11-23 09:34:34,418:INFO:SubProcess create_model() called ==================================
2025-11-23 09:34:34,418:INFO:Initializing create_model()
2025-11-23 09:34:34,420:INFO:create_model(self=<pycaret.classification.oop.ClassificationExperiment object at 0x0000022115D8BF70>, estimator=lightgbm, fold=StratifiedKFold(n_splits=10, random_state=None, shuffle=False), round=4, cross_validation=True, predict=True, fit_kwargs={}, groups=None, refit=False, probability_threshold=None, experiment_custom_tags=None, verbose=False, system=False, add_to_model_list=True, metrics=None, display=<pycaret.internal.display.display.CommonDisplay object at 0x0000022159A63CA0>, model_only=True, return_train_score=False, kwargs={})
2025-11-23 09:34:34,420:INFO:Checking exceptions
2025-11-23 09:34:34,420:INFO:Importing libraries
2025-11-23 09:34:34,420:INFO:Copying training dataset
2025-11-23 09:34:34,427:INFO:Defining folds
2025-11-23 09:34:34,427:INFO:Declaring metric variables
2025-11-23 09:34:34,428:INFO:Importing untrained model
2025-11-23 09:34:34,429:INFO:Light Gradient Boosting Machine Imported successfully
2025-11-23 09:34:34,430:INFO:Starting cross validation
2025-11-23 09:34:34,431:INFO:Cross validating with StratifiedKFold(n_splits=10, random_state=None, shuffle=False), n_jobs=-1
2025-11-23 09:34:36,435:INFO:Calculating mean and std
2025-11-23 09:34:36,436:INFO:Creating metrics dataframe
2025-11-23 09:34:36,506:INFO:Uploading results into container
2025-11-23 09:34:36,507:INFO:Uploading model into container now
2025-11-23 09:34:36,507:INFO:_master_model_container: 13
2025-11-23 09:34:36,507:INFO:_display_container: 2
2025-11-23 09:34:36,508:INFO:LGBMClassifier(boosting_type='gbdt', class_weight=None, colsample_bytree=1.0,
               importance_type='split', learning_rate=0.1, max_depth=-1,
               min_child_samples=20, min_child_weight=0.001, min_split_gain=0.0,
               n_estimators=100, n_jobs=-1, num_leaves=31, objective=None,
               random_state=123, reg_alpha=0.0, reg_lambda=0.0, subsample=1.0,
               subsample_for_bin=200000, subsample_freq=0)
2025-11-23 09:34:36,508:INFO:create_model() successfully completed......................................
2025-11-23 09:34:36,636:INFO:SubProcess create_model() end ==================================
2025-11-23 09:34:36,637:INFO:Creating metrics dataframe
2025-11-23 09:34:36,647:INFO:Initializing Dummy Classifier
2025-11-23 09:34:36,647:INFO:Total runtime is 0.6387492736180624 minutes
2025-11-23 09:34:36,648:INFO:SubProcess create_model() called ==================================
2025-11-23 09:34:36,648:INFO:Initializing create_model()
2025-11-23 09:34:36,649:INFO:create_model(self=<pycaret.classification.oop.ClassificationExperiment object at 0x0000022115D8BF70>, estimator=dummy, fold=StratifiedKFold(n_splits=10, random_state=None, shuffle=False), round=4, cross_validation=True, predict=True, fit_kwargs={}, groups=None, refit=False, probability_threshold=None, experiment_custom_tags=None, verbose=False, system=False, add_to_model_list=True, metrics=None, display=<pycaret.internal.display.display.CommonDisplay object at 0x0000022159A63CA0>, model_only=True, return_train_score=False, kwargs={})
2025-11-23 09:34:36,649:INFO:Checking exceptions
2025-11-23 09:34:36,649:INFO:Importing libraries
2025-11-23 09:34:36,649:INFO:Copying training dataset
2025-11-23 09:34:36,655:INFO:Defining folds
2025-11-23 09:34:36,655:INFO:Declaring metric variables
2025-11-23 09:34:36,656:INFO:Importing untrained model
2025-11-23 09:34:36,656:INFO:Dummy Classifier Imported successfully
2025-11-23 09:34:36,657:INFO:Starting cross validation
2025-11-23 09:34:36,658:INFO:Cross validating with StratifiedKFold(n_splits=10, random_state=None, shuffle=False), n_jobs=-1
2025-11-23 09:34:36,838:WARNING:C:\Users\vbravo\Downloads\EFinal_Taller4_ValeriaBravo\venv\lib\site-packages\sklearn\metrics\_classification.py:1344: UndefinedMetricWarning: Precision is ill-defined and being set to 0.0 due to no predicted samples. Use `zero_division` parameter to control this behavior.
  _warn_prf(average, modifier, msg_start, len(result))

2025-11-23 09:34:36,856:WARNING:C:\Users\vbravo\Downloads\EFinal_Taller4_ValeriaBravo\venv\lib\site-packages\sklearn\metrics\_classification.py:1344: UndefinedMetricWarning: Precision is ill-defined and being set to 0.0 due to no predicted samples. Use `zero_division` parameter to control this behavior.
  _warn_prf(average, modifier, msg_start, len(result))

2025-11-23 09:34:36,857:WARNING:C:\Users\vbravo\Downloads\EFinal_Taller4_ValeriaBravo\venv\lib\site-packages\sklearn\metrics\_classification.py:1344: UndefinedMetricWarning: Precision is ill-defined and being set to 0.0 due to no predicted samples. Use `zero_division` parameter to control this behavior.
  _warn_prf(average, modifier, msg_start, len(result))

2025-11-23 09:34:36,858:WARNING:C:\Users\vbravo\Downloads\EFinal_Taller4_ValeriaBravo\venv\lib\site-packages\sklearn\metrics\_classification.py:1344: UndefinedMetricWarning: Precision is ill-defined and being set to 0.0 due to no predicted samples. Use `zero_division` parameter to control this behavior.
  _warn_prf(average, modifier, msg_start, len(result))

2025-11-23 09:34:36,859:WARNING:C:\Users\vbravo\Downloads\EFinal_Taller4_ValeriaBravo\venv\lib\site-packages\sklearn\metrics\_classification.py:1344: UndefinedMetricWarning: Precision is ill-defined and being set to 0.0 due to no predicted samples. Use `zero_division` parameter to control this behavior.
  _warn_prf(average, modifier, msg_start, len(result))

2025-11-23 09:34:36,862:WARNING:C:\Users\vbravo\Downloads\EFinal_Taller4_ValeriaBravo\venv\lib\site-packages\sklearn\metrics\_classification.py:1344: UndefinedMetricWarning: Precision is ill-defined and being set to 0.0 due to no predicted samples. Use `zero_division` parameter to control this behavior.
  _warn_prf(average, modifier, msg_start, len(result))

2025-11-23 09:34:36,867:WARNING:C:\Users\vbravo\Downloads\EFinal_Taller4_ValeriaBravo\venv\lib\site-packages\sklearn\metrics\_classification.py:1344: UndefinedMetricWarning: Precision is ill-defined and being set to 0.0 due to no predicted samples. Use `zero_division` parameter to control this behavior.
  _warn_prf(average, modifier, msg_start, len(result))

2025-11-23 09:34:36,868:WARNING:C:\Users\vbravo\Downloads\EFinal_Taller4_ValeriaBravo\venv\lib\site-packages\sklearn\metrics\_classification.py:1344: UndefinedMetricWarning: Precision is ill-defined and being set to 0.0 due to no predicted samples. Use `zero_division` parameter to control this behavior.
  _warn_prf(average, modifier, msg_start, len(result))

2025-11-23 09:34:36,881:WARNING:C:\Users\vbravo\Downloads\EFinal_Taller4_ValeriaBravo\venv\lib\site-packages\sklearn\metrics\_classification.py:1344: UndefinedMetricWarning: Precision is ill-defined and being set to 0.0 due to no predicted samples. Use `zero_division` parameter to control this behavior.
  _warn_prf(average, modifier, msg_start, len(result))

2025-11-23 09:34:36,892:WARNING:C:\Users\vbravo\Downloads\EFinal_Taller4_ValeriaBravo\venv\lib\site-packages\sklearn\metrics\_classification.py:1344: UndefinedMetricWarning: Precision is ill-defined and being set to 0.0 due to no predicted samples. Use `zero_division` parameter to control this behavior.
  _warn_prf(average, modifier, msg_start, len(result))

2025-11-23 09:34:37,134:INFO:Calculating mean and std
2025-11-23 09:34:37,135:INFO:Creating metrics dataframe
2025-11-23 09:34:37,184:INFO:Uploading results into container
2025-11-23 09:34:37,185:INFO:Uploading model into container now
2025-11-23 09:34:37,185:INFO:_master_model_container: 14
2025-11-23 09:34:37,185:INFO:_display_container: 2
2025-11-23 09:34:37,185:INFO:DummyClassifier(constant=None, random_state=123, strategy='prior')
2025-11-23 09:34:37,185:INFO:create_model() successfully completed......................................
2025-11-23 09:34:37,310:INFO:SubProcess create_model() end ==================================
2025-11-23 09:34:37,311:INFO:Creating metrics dataframe
2025-11-23 09:34:37,324:INFO:Initializing create_model()
2025-11-23 09:34:37,325:INFO:create_model(self=<pycaret.classification.oop.ClassificationExperiment object at 0x0000022115D8BF70>, estimator=AdaBoostClassifier(algorithm='SAMME.R', base_estimator='deprecated',
                   estimator=None, learning_rate=1.0, n_estimators=50,
                   random_state=123), fold=StratifiedKFold(n_splits=10, random_state=None, shuffle=False), round=4, cross_validation=False, predict=False, fit_kwargs={}, groups=None, refit=True, probability_threshold=None, experiment_custom_tags=None, verbose=False, system=False, add_to_model_list=True, metrics=None, display=None, model_only=True, return_train_score=False, kwargs={})
2025-11-23 09:34:37,325:INFO:Checking exceptions
2025-11-23 09:34:37,326:INFO:Importing libraries
2025-11-23 09:34:37,326:INFO:Copying training dataset
2025-11-23 09:34:37,329:INFO:Defining folds
2025-11-23 09:34:37,330:INFO:Declaring metric variables
2025-11-23 09:34:37,330:INFO:Importing untrained model
2025-11-23 09:34:37,330:INFO:Declaring custom model
2025-11-23 09:34:37,330:INFO:Ada Boost Classifier Imported successfully
2025-11-23 09:34:37,333:INFO:Cross validation set to False
2025-11-23 09:34:37,333:INFO:Fitting Model
2025-11-23 09:34:37,484:INFO:AdaBoostClassifier(algorithm='SAMME.R', base_estimator='deprecated',
                   estimator=None, learning_rate=1.0, n_estimators=50,
                   random_state=123)
2025-11-23 09:34:37,484:INFO:create_model() successfully completed......................................
2025-11-23 09:34:37,654:INFO:_master_model_container: 14
2025-11-23 09:34:37,654:INFO:_display_container: 2
2025-11-23 09:34:37,655:INFO:AdaBoostClassifier(algorithm='SAMME.R', base_estimator='deprecated',
                   estimator=None, learning_rate=1.0, n_estimators=50,
                   random_state=123)
2025-11-23 09:34:37,655:INFO:compare_models() successfully completed......................................
2025-11-23 09:34:37,655:INFO:Initializing evaluate_model()
2025-11-23 09:34:37,655:INFO:evaluate_model(self=<pycaret.classification.oop.ClassificationExperiment object at 0x0000022115D8BF70>, estimator=AdaBoostClassifier(algorithm='SAMME.R', base_estimator='deprecated',
                   estimator=None, learning_rate=1.0, n_estimators=50,
                   random_state=123), fold=None, fit_kwargs=None, plot_kwargs=None, feature_name=None, groups=None)
2025-11-23 09:34:37,694:INFO:Initializing plot_model()
2025-11-23 09:34:37,695:INFO:plot_model(plot=pipeline, fold=StratifiedKFold(n_splits=10, random_state=None, shuffle=False), verbose=False, display=None, display_format=None, estimator=AdaBoostClassifier(algorithm='SAMME.R', base_estimator='deprecated',
                   estimator=None, learning_rate=1.0, n_estimators=50,
                   random_state=123), feature_name=None, fit_kwargs={}, groups=None, label=False, plot_kwargs=None, save=False, scale=1, self=<pycaret.classification.oop.ClassificationExperiment object at 0x0000022115D8BF70>, system=True)
2025-11-23 09:34:37,695:INFO:Checking exceptions
2025-11-23 09:34:37,697:INFO:Preloading libraries
2025-11-23 09:34:37,699:INFO:Copying training dataset
2025-11-23 09:34:37,699:INFO:Plot type: pipeline
2025-11-23 10:03:01,150:INFO:Visual Rendered Successfully
2025-11-23 10:03:01,377:INFO:plot_model() successfully completed......................................
2025-11-23 10:03:01,384:INFO:Initializing save_model()
2025-11-23 10:03:01,384:INFO:save_model(model=AdaBoostClassifier(algorithm='SAMME.R', base_estimator='deprecated',
                   estimator=None, learning_rate=1.0, n_estimators=50,
                   random_state=123), model_name=modelo_credito, prep_pipe_=Pipeline(memory=FastMemory(location=C:\Users\vbravo\AppData\Local\Temp\joblib),
         steps=[('numerical_imputer',
                 TransformerWrapper(exclude=None,
                                    include=['age', 'monthly_income_usd',
                                             'app_usage_score',
                                             'digital_profile_strength',
                                             'num_contacts_uploaded',
                                             'political_event_last_month'],
                                    transformer=SimpleImputer(add_indicator=False,
                                                              copy=True,
                                                              fill_value=None,
                                                              keep...
                                                              keep_empty_features=False,
                                                              missing_values=nan,
                                                              strategy='most_frequent',
                                                              verbose='deprecated'))),
                ('onehot_encoding',
                 TransformerWrapper(exclude=None,
                                    include=['residence_risk_zone'],
                                    transformer=OneHotEncoder(cols=['residence_risk_zone'],
                                                              drop_invariant=False,
                                                              handle_missing='return_nan',
                                                              handle_unknown='value',
                                                              return_df=True,
                                                              use_cat_names=True,
                                                              verbose=0)))],
         verbose=False), verbose=True, use_case=MLUsecase.CLASSIFICATION, kwargs={})
2025-11-23 10:03:01,385:INFO:Adding model into prep_pipe
2025-11-23 10:03:01,433:INFO:modelo_credito.pkl saved in current working directory
2025-11-23 10:03:01,443:INFO:Pipeline(memory=FastMemory(location=C:\Users\vbravo\AppData\Local\Temp\joblib),
         steps=[('numerical_imputer',
                 TransformerWrapper(exclude=None,
                                    include=['age', 'monthly_income_usd',
                                             'app_usage_score',
                                             'digital_profile_strength',
                                             'num_contacts_uploaded',
                                             'political_event_last_month'],
                                    transformer=SimpleImputer(add_indicator=False,
                                                              copy=True,
                                                              fill_value=None,
                                                              keep...
                                    include=['residence_risk_zone'],
                                    transformer=OneHotEncoder(cols=['residence_risk_zone'],
                                                              drop_invariant=False,
                                                              handle_missing='return_nan',
                                                              handle_unknown='value',
                                                              return_df=True,
                                                              use_cat_names=True,
                                                              verbose=0))),
                ('trained_model',
                 AdaBoostClassifier(algorithm='SAMME.R',
                                    base_estimator='deprecated', estimator=None,
                                    learning_rate=1.0, n_estimators=50,
                                    random_state=123))],
         verbose=False)
2025-11-23 10:03:01,443:INFO:save_model() successfully completed......................................
2025-11-23 10:09:22,857:WARNING:
'cuml' is a soft dependency and not included in the pycaret installation. Please run: `pip install cuml` to install.
2025-11-23 10:09:22,858:WARNING:
'cuml' is a soft dependency and not included in the pycaret installation. Please run: `pip install cuml` to install.
2025-11-23 10:09:22,858:WARNING:
'cuml' is a soft dependency and not included in the pycaret installation. Please run: `pip install cuml` to install.
2025-11-23 10:09:22,858:WARNING:
'cuml' is a soft dependency and not included in the pycaret installation. Please run: `pip install cuml` to install.
2025-11-23 10:09:27,299:INFO:Initializing load_model()
2025-11-23 10:09:27,300:INFO:load_model(model_name=modelo_credito, platform=None, authentication=None, verbose=True)
2025-11-23 10:10:53,950:WARNING:
'cuml' is a soft dependency and not included in the pycaret installation. Please run: `pip install cuml` to install.
2025-11-23 10:10:53,950:WARNING:
'cuml' is a soft dependency and not included in the pycaret installation. Please run: `pip install cuml` to install.
2025-11-23 10:10:53,950:WARNING:
'cuml' is a soft dependency and not included in the pycaret installation. Please run: `pip install cuml` to install.
2025-11-23 10:10:53,950:WARNING:
'cuml' is a soft dependency and not included in the pycaret installation. Please run: `pip install cuml` to install.
2025-11-23 10:10:55,674:INFO:Initializing load_model()
2025-11-23 10:10:55,674:INFO:load_model(model_name=modelos/modelo_credito, platform=None, authentication=None, verbose=True)
2025-11-23 10:10:55,702:WARNING:C:\Users\vbravo\Downloads\EFinal_Taller4_ValeriaBravo\venv\lib\site-packages\_distutils_hack\__init__.py:33: UserWarning: Setuptools is replacing distutils.
  warnings.warn("Setuptools is replacing distutils.")

2025-11-23 10:13:42,542:WARNING:
'cuml' is a soft dependency and not included in the pycaret installation. Please run: `pip install cuml` to install.
2025-11-23 10:13:42,543:WARNING:
'cuml' is a soft dependency and not included in the pycaret installation. Please run: `pip install cuml` to install.
2025-11-23 10:13:42,543:WARNING:
'cuml' is a soft dependency and not included in the pycaret installation. Please run: `pip install cuml` to install.
2025-11-23 10:13:42,543:WARNING:
'cuml' is a soft dependency and not included in the pycaret installation. Please run: `pip install cuml` to install.
2025-11-23 10:13:44,364:INFO:Initializing load_model()
2025-11-23 10:13:44,365:INFO:load_model(model_name=modelos/modelo_credito, platform=None, authentication=None, verbose=True)
2025-11-23 10:13:44,378:WARNING:C:\Users\vbravo\Downloads\EFinal_Taller4_ValeriaBravo\venv\lib\site-packages\_distutils_hack\__init__.py:33: UserWarning: Setuptools is replacing distutils.
  warnings.warn("Setuptools is replacing distutils.")

2025-11-23 10:23:16,834:WARNING:
'cuml' is a soft dependency and not included in the pycaret installation. Please run: `pip install cuml` to install.
2025-11-23 10:23:16,835:WARNING:
'cuml' is a soft dependency and not included in the pycaret installation. Please run: `pip install cuml` to install.
2025-11-23 10:23:16,835:WARNING:
'cuml' is a soft dependency and not included in the pycaret installation. Please run: `pip install cuml` to install.
2025-11-23 10:23:16,836:WARNING:
'cuml' is a soft dependency and not included in the pycaret installation. Please run: `pip install cuml` to install.
2025-11-23 10:23:21,418:INFO:Initializing load_model()
2025-11-23 10:23:21,419:INFO:load_model(model_name=modelos/modelo_credito, platform=None, authentication=None, verbose=True)
2025-11-23 10:23:21,434:WARNING:C:\Users\vbravo\Downloads\EFinal_Taller4_ValeriaBravo\venv\lib\site-packages\_distutils_hack\__init__.py:33: UserWarning: Setuptools is replacing distutils.
  warnings.warn("Setuptools is replacing distutils.")

2025-11-23 10:30:32,369:WARNING:
'cuml' is a soft dependency and not included in the pycaret installation. Please run: `pip install cuml` to install.
2025-11-23 10:30:32,370:WARNING:
'cuml' is a soft dependency and not included in the pycaret installation. Please run: `pip install cuml` to install.
2025-11-23 10:30:32,370:WARNING:
'cuml' is a soft dependency and not included in the pycaret installation. Please run: `pip install cuml` to install.
2025-11-23 10:30:32,370:WARNING:
'cuml' is a soft dependency and not included in the pycaret installation. Please run: `pip install cuml` to install.
2025-11-23 10:30:34,091:INFO:Initializing load_model()
2025-11-23 10:30:34,091:INFO:load_model(model_name=modelos/modelo_credito, platform=None, authentication=None, verbose=True)
2025-11-23 10:30:34,102:WARNING:C:\Users\vbravo\Downloads\EFinal_Taller4_ValeriaBravo\venv\lib\site-packages\_distutils_hack\__init__.py:33: UserWarning: Setuptools is replacing distutils.
  warnings.warn("Setuptools is replacing distutils.")

2025-11-23 10:32:27,603:WARNING:
'cuml' is a soft dependency and not included in the pycaret installation. Please run: `pip install cuml` to install.
2025-11-23 10:32:27,605:WARNING:
'cuml' is a soft dependency and not included in the pycaret installation. Please run: `pip install cuml` to install.
2025-11-23 10:32:27,606:WARNING:
'cuml' is a soft dependency and not included in the pycaret installation. Please run: `pip install cuml` to install.
2025-11-23 10:32:27,607:WARNING:
'cuml' is a soft dependency and not included in the pycaret installation. Please run: `pip install cuml` to install.
2025-11-23 10:32:31,263:INFO:Initializing load_model()
2025-11-23 10:32:31,264:INFO:load_model(model_name=modelos/modelo_credito, platform=None, authentication=None, verbose=True)
2025-11-23 10:32:31,285:WARNING:C:\Users\vbravo\Downloads\EFinal_Taller4_ValeriaBravo\venv\lib\site-packages\_distutils_hack\__init__.py:33: UserWarning: Setuptools is replacing distutils.
  warnings.warn("Setuptools is replacing distutils.")

2025-11-23 10:33:02,729:INFO:Initializing predict_model()
2025-11-23 10:33:02,730:INFO:predict_model(self=<pycaret.classification.oop.ClassificationExperiment object at 0x0000027DACE9A800>, estimator=Pipeline(memory=FastMemory(location=C:\Users\vbravo\AppData\Local\Temp\joblib),
         steps=[('numerical_imputer',
                 TransformerWrapper(include=['age', 'monthly_income_usd',
                                             'app_usage_score',
                                             'digital_profile_strength',
                                             'num_contacts_uploaded',
                                             'political_event_last_month'],
                                    transformer=SimpleImputer())),
                ('categorical_imputer',
                 TransformerWrapper(include=['residence_risk_zone'],
                                    transformer=SimpleImputer(strategy='most_frequent'))),
                ('onehot_encoding',
                 TransformerWrapper(include=['residence_risk_zone'],
                                    transformer=OneHotEncoder(cols=['residence_risk_zone'],
                                                              handle_missing='return_nan',
                                                              use_cat_names=True))),
                ('trained_model', AdaBoostClassifier(random_state=123))]), probability_threshold=None, encoded_labels=False, raw_score=False, round=4, verbose=True, ml_usecase=None, preprocess=True, encode_labels=<function _SupervisedExperiment.predict_model.<locals>.encode_labels at 0x0000027DADB02320>)
2025-11-23 10:33:02,730:INFO:Checking exceptions
2025-11-23 10:33:02,730:INFO:Preloading libraries
2025-11-23 10:35:13,452:WARNING:
'cuml' is a soft dependency and not included in the pycaret installation. Please run: `pip install cuml` to install.
2025-11-23 10:35:13,453:WARNING:
'cuml' is a soft dependency and not included in the pycaret installation. Please run: `pip install cuml` to install.
2025-11-23 10:35:13,453:WARNING:
'cuml' is a soft dependency and not included in the pycaret installation. Please run: `pip install cuml` to install.
2025-11-23 10:35:13,454:WARNING:
'cuml' is a soft dependency and not included in the pycaret installation. Please run: `pip install cuml` to install.
2025-11-23 10:35:25,227:INFO:Initializing load_model()
2025-11-23 10:35:25,227:INFO:load_model(model_name=modelos/modelo_credito, platform=None, authentication=None, verbose=True)
2025-11-23 10:35:25,252:WARNING:C:\Users\vbravo\Downloads\EFinal_Taller4_ValeriaBravo\venv\lib\site-packages\_distutils_hack\__init__.py:33: UserWarning: Setuptools is replacing distutils.
  warnings.warn("Setuptools is replacing distutils.")

2025-11-23 10:35:47,002:WARNING:
'cuml' is a soft dependency and not included in the pycaret installation. Please run: `pip install cuml` to install.
2025-11-23 10:35:47,002:WARNING:
'cuml' is a soft dependency and not included in the pycaret installation. Please run: `pip install cuml` to install.
2025-11-23 10:35:47,002:WARNING:
'cuml' is a soft dependency and not included in the pycaret installation. Please run: `pip install cuml` to install.
2025-11-23 10:35:47,002:WARNING:
'cuml' is a soft dependency and not included in the pycaret installation. Please run: `pip install cuml` to install.
2025-11-23 10:35:58,056:INFO:Initializing load_model()
2025-11-23 10:35:58,058:INFO:load_model(model_name=modelos/modelo_credito, platform=None, authentication=None, verbose=True)
2025-11-23 10:35:58,087:WARNING:C:\Users\vbravo\Downloads\EFinal_Taller4_ValeriaBravo\venv\lib\site-packages\_distutils_hack\__init__.py:33: UserWarning: Setuptools is replacing distutils.
  warnings.warn("Setuptools is replacing distutils.")

2025-11-23 10:35:59,048:INFO:Initializing predict_model()
2025-11-23 10:35:59,049:INFO:predict_model(self=<pycaret.classification.oop.ClassificationExperiment object at 0x0000029FB069A320>, estimator=Pipeline(memory=FastMemory(location=C:\Users\vbravo\AppData\Local\Temp\joblib),
         steps=[('numerical_imputer',
                 TransformerWrapper(include=['age', 'monthly_income_usd',
                                             'app_usage_score',
                                             'digital_profile_strength',
                                             'num_contacts_uploaded',
                                             'political_event_last_month'],
                                    transformer=SimpleImputer())),
                ('categorical_imputer',
                 TransformerWrapper(include=['residence_risk_zone'],
                                    transformer=SimpleImputer(strategy='most_frequent'))),
                ('onehot_encoding',
                 TransformerWrapper(include=['residence_risk_zone'],
                                    transformer=OneHotEncoder(cols=['residence_risk_zone'],
                                                              handle_missing='return_nan',
                                                              use_cat_names=True))),
                ('trained_model', AdaBoostClassifier(random_state=123))]), probability_threshold=None, encoded_labels=False, raw_score=False, round=4, verbose=True, ml_usecase=None, preprocess=True, encode_labels=<function _SupervisedExperiment.predict_model.<locals>.encode_labels at 0x0000029FB131AEF0>)
2025-11-23 10:35:59,049:INFO:Checking exceptions
2025-11-23 10:35:59,050:INFO:Preloading libraries
2025-11-23 10:43:29,512:WARNING:
'cuml' is a soft dependency and not included in the pycaret installation. Please run: `pip install cuml` to install.
2025-11-23 10:43:29,513:WARNING:
'cuml' is a soft dependency and not included in the pycaret installation. Please run: `pip install cuml` to install.
2025-11-23 10:43:29,513:WARNING:
'cuml' is a soft dependency and not included in the pycaret installation. Please run: `pip install cuml` to install.
2025-11-23 10:43:29,513:WARNING:
'cuml' is a soft dependency and not included in the pycaret installation. Please run: `pip install cuml` to install.
2025-11-23 10:43:40,914:INFO:Initializing load_model()
2025-11-23 10:43:40,915:INFO:load_model(model_name=modelos/modelo_credito, platform=None, authentication=None, verbose=True)
2025-11-23 10:43:40,926:WARNING:C:\Users\vbravo\Downloads\EFinal_Taller4_ValeriaBravo\venv\lib\site-packages\_distutils_hack\__init__.py:33: UserWarning: Setuptools is replacing distutils.
  warnings.warn("Setuptools is replacing distutils.")

2025-11-23 10:43:48,044:WARNING:
'cuml' is a soft dependency and not included in the pycaret installation. Please run: `pip install cuml` to install.
2025-11-23 10:43:48,045:WARNING:
'cuml' is a soft dependency and not included in the pycaret installation. Please run: `pip install cuml` to install.
2025-11-23 10:43:48,045:WARNING:
'cuml' is a soft dependency and not included in the pycaret installation. Please run: `pip install cuml` to install.
2025-11-23 10:43:48,045:WARNING:
'cuml' is a soft dependency and not included in the pycaret installation. Please run: `pip install cuml` to install.
2025-11-23 10:43:57,923:INFO:Initializing load_model()
2025-11-23 10:43:57,923:INFO:load_model(model_name=modelos/modelo_credito, platform=None, authentication=None, verbose=True)
2025-11-23 10:43:57,941:WARNING:C:\Users\vbravo\Downloads\EFinal_Taller4_ValeriaBravo\venv\lib\site-packages\_distutils_hack\__init__.py:33: UserWarning: Setuptools is replacing distutils.
  warnings.warn("Setuptools is replacing distutils.")

2025-11-23 10:44:19,251:INFO:Initializing predict_model()
2025-11-23 10:44:19,252:INFO:predict_model(self=<pycaret.classification.oop.ClassificationExperiment object at 0x0000018E19FAB8B0>, estimator=Pipeline(memory=FastMemory(location=C:\Users\vbravo\AppData\Local\Temp\joblib),
         steps=[('numerical_imputer',
                 TransformerWrapper(include=['age', 'monthly_income_usd',
                                             'app_usage_score',
                                             'digital_profile_strength',
                                             'num_contacts_uploaded',
                                             'political_event_last_month'],
                                    transformer=SimpleImputer())),
                ('categorical_imputer',
                 TransformerWrapper(include=['residence_risk_zone'],
                                    transformer=SimpleImputer(strategy='most_frequent'))),
                ('onehot_encoding',
                 TransformerWrapper(include=['residence_risk_zone'],
                                    transformer=OneHotEncoder(cols=['residence_risk_zone'],
                                                              handle_missing='return_nan',
                                                              use_cat_names=True))),
                ('trained_model', AdaBoostClassifier(random_state=123))]), probability_threshold=None, encoded_labels=False, raw_score=False, round=4, verbose=True, ml_usecase=None, preprocess=True, encode_labels=<function _SupervisedExperiment.predict_model.<locals>.encode_labels at 0x0000018E1AC12320>)
2025-11-23 10:44:19,253:INFO:Checking exceptions
2025-11-23 10:44:19,253:INFO:Preloading libraries
2025-11-23 10:46:06,536:WARNING:
'cuml' is a soft dependency and not included in the pycaret installation. Please run: `pip install cuml` to install.
2025-11-23 10:46:06,537:WARNING:
'cuml' is a soft dependency and not included in the pycaret installation. Please run: `pip install cuml` to install.
2025-11-23 10:46:06,538:WARNING:
'cuml' is a soft dependency and not included in the pycaret installation. Please run: `pip install cuml` to install.
2025-11-23 10:46:06,538:WARNING:
'cuml' is a soft dependency and not included in the pycaret installation. Please run: `pip install cuml` to install.
2025-11-23 10:46:09,409:INFO:Initializing load_model()
2025-11-23 10:46:09,410:INFO:load_model(model_name=modelos/modelo_credito, platform=None, authentication=None, verbose=True)
2025-11-23 10:46:09,421:WARNING:C:\Users\vbravo\Downloads\EFinal_Taller4_ValeriaBravo\venv\lib\site-packages\_distutils_hack\__init__.py:33: UserWarning: Setuptools is replacing distutils.
  warnings.warn("Setuptools is replacing distutils.")

2025-11-23 10:46:45,186:WARNING:
'cuml' is a soft dependency and not included in the pycaret installation. Please run: `pip install cuml` to install.
2025-11-23 10:46:45,186:WARNING:
'cuml' is a soft dependency and not included in the pycaret installation. Please run: `pip install cuml` to install.
2025-11-23 10:46:45,186:WARNING:
'cuml' is a soft dependency and not included in the pycaret installation. Please run: `pip install cuml` to install.
2025-11-23 10:46:45,186:WARNING:
'cuml' is a soft dependency and not included in the pycaret installation. Please run: `pip install cuml` to install.
2025-11-23 10:46:49,014:INFO:Initializing load_model()
2025-11-23 10:46:49,015:INFO:load_model(model_name=modelos/modelo_credito, platform=None, authentication=None, verbose=True)
2025-11-23 10:46:49,032:WARNING:C:\Users\vbravo\Downloads\EFinal_Taller4_ValeriaBravo\venv\lib\site-packages\_distutils_hack\__init__.py:33: UserWarning: Setuptools is replacing distutils.
  warnings.warn("Setuptools is replacing distutils.")

2025-11-23 10:46:58,061:INFO:Initializing predict_model()
2025-11-23 10:46:58,063:INFO:predict_model(self=<pycaret.classification.oop.ClassificationExperiment object at 0x000001BDE1269C90>, estimator=Pipeline(memory=FastMemory(location=C:\Users\vbravo\AppData\Local\Temp\joblib),
         steps=[('numerical_imputer',
                 TransformerWrapper(include=['age', 'monthly_income_usd',
                                             'app_usage_score',
                                             'digital_profile_strength',
                                             'num_contacts_uploaded',
                                             'political_event_last_month'],
                                    transformer=SimpleImputer())),
                ('categorical_imputer',
                 TransformerWrapper(include=['residence_risk_zone'],
                                    transformer=SimpleImputer(strategy='most_frequent'))),
                ('onehot_encoding',
                 TransformerWrapper(include=['residence_risk_zone'],
                                    transformer=OneHotEncoder(cols=['residence_risk_zone'],
                                                              handle_missing='return_nan',
                                                              use_cat_names=True))),
                ('trained_model', AdaBoostClassifier(random_state=123))]), probability_threshold=None, encoded_labels=False, raw_score=False, round=4, verbose=True, ml_usecase=None, preprocess=True, encode_labels=<function _SupervisedExperiment.predict_model.<locals>.encode_labels at 0x000001BDE1262440>)
2025-11-23 10:46:58,063:INFO:Checking exceptions
2025-11-23 10:46:58,064:INFO:Preloading libraries
2025-11-23 10:46:58,065:INFO:Set up data.
2025-11-23 10:46:58,071:INFO:Set up index.
2025-11-23 10:54:06,109:WARNING:
'cuml' is a soft dependency and not included in the pycaret installation. Please run: `pip install cuml` to install.
2025-11-23 10:54:06,110:WARNING:
'cuml' is a soft dependency and not included in the pycaret installation. Please run: `pip install cuml` to install.
2025-11-23 10:54:06,110:WARNING:
'cuml' is a soft dependency and not included in the pycaret installation. Please run: `pip install cuml` to install.
2025-11-23 10:54:06,110:WARNING:
'cuml' is a soft dependency and not included in the pycaret installation. Please run: `pip install cuml` to install.
2025-11-23 10:54:09,464:INFO:Initializing load_model()
2025-11-23 10:54:09,465:INFO:load_model(model_name=modelos/modelo_credito, platform=None, authentication=None, verbose=True)
2025-11-23 10:54:09,477:WARNING:C:\Users\vbravo\Downloads\EFinal_Taller4_ValeriaBravo\venv\lib\site-packages\_distutils_hack\__init__.py:33: UserWarning: Setuptools is replacing distutils.
  warnings.warn("Setuptools is replacing distutils.")

2025-11-23 10:54:36,132:WARNING:
'cuml' is a soft dependency and not included in the pycaret installation. Please run: `pip install cuml` to install.
2025-11-23 10:54:36,132:WARNING:
'cuml' is a soft dependency and not included in the pycaret installation. Please run: `pip install cuml` to install.
2025-11-23 10:54:36,133:WARNING:
'cuml' is a soft dependency and not included in the pycaret installation. Please run: `pip install cuml` to install.
2025-11-23 10:54:36,133:WARNING:
'cuml' is a soft dependency and not included in the pycaret installation. Please run: `pip install cuml` to install.
2025-11-23 10:54:38,919:INFO:Initializing load_model()
2025-11-23 10:54:38,919:INFO:load_model(model_name=modelos/modelo_credito, platform=None, authentication=None, verbose=True)
2025-11-23 10:54:38,929:WARNING:C:\Users\vbravo\Downloads\EFinal_Taller4_ValeriaBravo\venv\lib\site-packages\_distutils_hack\__init__.py:33: UserWarning: Setuptools is replacing distutils.
  warnings.warn("Setuptools is replacing distutils.")

2025-11-23 10:55:03,424:WARNING:
'cuml' is a soft dependency and not included in the pycaret installation. Please run: `pip install cuml` to install.
2025-11-23 10:55:03,424:WARNING:
'cuml' is a soft dependency and not included in the pycaret installation. Please run: `pip install cuml` to install.
2025-11-23 10:55:03,424:WARNING:
'cuml' is a soft dependency and not included in the pycaret installation. Please run: `pip install cuml` to install.
2025-11-23 10:55:03,425:WARNING:
'cuml' is a soft dependency and not included in the pycaret installation. Please run: `pip install cuml` to install.
2025-11-23 10:55:07,059:INFO:Initializing load_model()
2025-11-23 10:55:07,060:INFO:load_model(model_name=modelos/modelo_credito, platform=None, authentication=None, verbose=True)
2025-11-23 10:55:07,078:WARNING:C:\Users\vbravo\Downloads\EFinal_Taller4_ValeriaBravo\venv\lib\site-packages\_distutils_hack\__init__.py:33: UserWarning: Setuptools is replacing distutils.
  warnings.warn("Setuptools is replacing distutils.")

=======
2025-11-22 16:54:36,752:WARNING:
'cuml' is a soft dependency and not included in the pycaret installation. Please run: `pip install cuml` to install.
2025-11-22 16:54:36,752:WARNING:
'cuml' is a soft dependency and not included in the pycaret installation. Please run: `pip install cuml` to install.
2025-11-22 16:54:36,752:WARNING:
'cuml' is a soft dependency and not included in the pycaret installation. Please run: `pip install cuml` to install.
2025-11-22 16:54:36,752:WARNING:
'cuml' is a soft dependency and not included in the pycaret installation. Please run: `pip install cuml` to install.
2025-11-22 19:29:33,071:WARNING:
'cuml' is a soft dependency and not included in the pycaret installation. Please run: `pip install cuml` to install.
2025-11-22 19:29:33,072:WARNING:
'cuml' is a soft dependency and not included in the pycaret installation. Please run: `pip install cuml` to install.
2025-11-22 19:29:33,072:WARNING:
'cuml' is a soft dependency and not included in the pycaret installation. Please run: `pip install cuml` to install.
2025-11-22 19:29:33,072:WARNING:
'cuml' is a soft dependency and not included in the pycaret installation. Please run: `pip install cuml` to install.
2025-11-22 20:22:26,093:WARNING:
'cuml' is a soft dependency and not included in the pycaret installation. Please run: `pip install cuml` to install.
2025-11-22 20:22:26,093:WARNING:
'cuml' is a soft dependency and not included in the pycaret installation. Please run: `pip install cuml` to install.
2025-11-22 20:22:26,093:WARNING:
'cuml' is a soft dependency and not included in the pycaret installation. Please run: `pip install cuml` to install.
2025-11-22 20:22:26,093:WARNING:
'cuml' is a soft dependency and not included in the pycaret installation. Please run: `pip install cuml` to install.
2025-11-22 20:26:40,196:WARNING:
'cuml' is a soft dependency and not included in the pycaret installation. Please run: `pip install cuml` to install.
2025-11-22 20:26:40,196:WARNING:
'cuml' is a soft dependency and not included in the pycaret installation. Please run: `pip install cuml` to install.
2025-11-22 20:26:40,196:WARNING:
'cuml' is a soft dependency and not included in the pycaret installation. Please run: `pip install cuml` to install.
2025-11-22 20:26:40,196:WARNING:
'cuml' is a soft dependency and not included in the pycaret installation. Please run: `pip install cuml` to install.
2025-11-22 20:29:54,731:WARNING:
'cuml' is a soft dependency and not included in the pycaret installation. Please run: `pip install cuml` to install.
2025-11-22 20:29:54,731:WARNING:
'cuml' is a soft dependency and not included in the pycaret installation. Please run: `pip install cuml` to install.
2025-11-22 20:29:54,731:WARNING:
'cuml' is a soft dependency and not included in the pycaret installation. Please run: `pip install cuml` to install.
2025-11-22 20:29:54,731:WARNING:
'cuml' is a soft dependency and not included in the pycaret installation. Please run: `pip install cuml` to install.
2025-11-22 20:31:40,097:WARNING:
'cuml' is a soft dependency and not included in the pycaret installation. Please run: `pip install cuml` to install.
2025-11-22 20:31:40,097:WARNING:
'cuml' is a soft dependency and not included in the pycaret installation. Please run: `pip install cuml` to install.
2025-11-22 20:31:40,097:WARNING:
'cuml' is a soft dependency and not included in the pycaret installation. Please run: `pip install cuml` to install.
2025-11-22 20:31:40,097:WARNING:
'cuml' is a soft dependency and not included in the pycaret installation. Please run: `pip install cuml` to install.
2025-11-22 21:07:25,412:WARNING:
'cuml' is a soft dependency and not included in the pycaret installation. Please run: `pip install cuml` to install.
2025-11-22 21:07:25,428:WARNING:
'cuml' is a soft dependency and not included in the pycaret installation. Please run: `pip install cuml` to install.
2025-11-22 21:07:25,428:WARNING:
'cuml' is a soft dependency and not included in the pycaret installation. Please run: `pip install cuml` to install.
2025-11-22 21:07:25,428:WARNING:
'cuml' is a soft dependency and not included in the pycaret installation. Please run: `pip install cuml` to install.
2025-11-22 22:21:38,701:WARNING:
'cuml' is a soft dependency and not included in the pycaret installation. Please run: `pip install cuml` to install.
2025-11-22 22:21:38,719:WARNING:
'cuml' is a soft dependency and not included in the pycaret installation. Please run: `pip install cuml` to install.
2025-11-22 22:21:38,719:WARNING:
'cuml' is a soft dependency and not included in the pycaret installation. Please run: `pip install cuml` to install.
2025-11-22 22:21:38,719:WARNING:
'cuml' is a soft dependency and not included in the pycaret installation. Please run: `pip install cuml` to install.
2025-11-22 22:25:21,827:WARNING:
'cuml' is a soft dependency and not included in the pycaret installation. Please run: `pip install cuml` to install.
2025-11-22 22:25:21,827:WARNING:
'cuml' is a soft dependency and not included in the pycaret installation. Please run: `pip install cuml` to install.
2025-11-22 22:25:21,827:WARNING:
'cuml' is a soft dependency and not included in the pycaret installation. Please run: `pip install cuml` to install.
2025-11-22 22:25:21,827:WARNING:
'cuml' is a soft dependency and not included in the pycaret installation. Please run: `pip install cuml` to install.
>>>>>>> 4db10f3e58c1885fe160281e0df37d9a13277975
